

 Configuring I9070 Kernel... 


  HOSTCC  scripts/basic/fixdep
  HOSTCC  scripts/kconfig/conf.o
  SHIPPED scripts/kconfig/zconf.tab.c
  SHIPPED scripts/kconfig/lex.zconf.c
  SHIPPED scripts/kconfig/zconf.hash.c
  HOSTCC  scripts/kconfig/zconf.tab.o
  HOSTLD  scripts/kconfig/conf
#
# configuration written to .config
#


 Compiling I9070 Kernel and Modules... 


scripts/kconfig/conf --silentoldconfig Kconfig
  CHK     include/linux/version.h
  UPD     include/linux/version.h
  CHK     include/generated/utsrelease.h
  UPD     include/generated/utsrelease.h
  HOSTCC  scripts/genksyms/genksyms.o
  CC      scripts/mod/empty.o
  Generating include/generated/mach-types.h
  HOSTCC  scripts/mod/mk_elfconfig
  CC      kernel/bounds.s
  MKELF   scripts/mod/elfconfig.h
  HOSTCC  scripts/mod/file2alias.o
  SHIPPED scripts/genksyms/lex.c
  SHIPPED scripts/genksyms/parse.h
  SHIPPED scripts/genksyms/keywords.c
  SHIPPED scripts/genksyms/parse.c
  HOSTCC  scripts/genksyms/lex.o
  GEN     include/generated/bounds.h
  CC      arch/arm/kernel/asm-offsets.s
  GEN     include/generated/asm-offsets.h
  CALL    scripts/checksyscalls.sh
  HOSTCC  scripts/genksyms/parse.o
  HOSTCC  scripts/mod/modpost.o
  HOSTCC  scripts/mod/sumversion.o
  HOSTLD  scripts/genksyms/genksyms
  HOSTCC  scripts/kallsyms
  HOSTCC  scripts/conmakehash
  HOSTCC  scripts/recordmcount
  HOSTLD  scripts/mod/modpost
  CC      init/main.o
  HOSTCC  usr/gen_init_cpio
  CC      arch/arm/vfp/vfpmodule.o
  GEN     usr/initramfs_data.cpio
  AS      arch/arm/vfp/entry.o
  AS      usr/initramfs_data.o
  LD      usr/built-in.o
  CC      arch/arm/kernel/elf.o
  AS      arch/arm/vfp/vfphw.o
  CC      arch/arm/vfp/vfpsingle.o
  CHK     include/generated/compile.h
  UPD     include/generated/compile.h
  CC      init/do_mounts.o
  AS      arch/arm/kernel/entry-armv.o
  AS      arch/arm/kernel/entry-common.o
  CC      arch/arm/kernel/irq.o
  CC      arch/arm/vfp/vfpdouble.o
  CC      arch/arm/kernel/process.o
  CC      init/do_mounts_rd.o
  LD      arch/arm/vfp/vfp.o
  LD      arch/arm/vfp/built-in.o
  CC      arch/arm/mm/dma-mapping.o
  CC      arch/arm/kernel/ptrace.o
  CC      init/do_mounts_initrd.o
  CC      arch/arm/kernel/return_address.o
  CC      arch/arm/mm/extable.o
  CC      init/initramfs.o
  CC      arch/arm/mm/fault.o
  CC      arch/arm/kernel/setup.o
  CC      arch/arm/mm/init.o
  CC      init/calibrate.o
  CC      init/boottime.o
  CC      arch/arm/kernel/signal.o
  CC      init/version.o
  CC      arch/arm/mm/iomap.o
  LD      init/mounts.o
  LD      init/built-in.o
  CC      arch/arm/common/gic.o
  CC      arch/arm/kernel/sys_arm.o
  CC      arch/arm/mm/fault-armv.o
  CC      arch/arm/common/boottime.o
  LD      arch/arm/common/built-in.o
  CC      arch/arm/mach-ux500/clock.o
  CC      arch/arm/mm/flush.o
  CC      arch/arm/kernel/stacktrace.o
  CC      arch/arm/kernel/time.o
  CC      arch/arm/mach-ux500/cpu.o
  CC      arch/arm/mm/idmap.o
  CC      arch/arm/kernel/traps.o
  CC      arch/arm/mach-ux500/devices.o
  CC      arch/arm/mm/ioremap.o
  CC      arch/arm/mach-ux500/dcache.o
  CC      arch/arm/mm/mmap.o
  CC      arch/arm/mach-ux500/devices-common.o
  CC      arch/arm/kernel/armksyms.o
  CC      arch/arm/mm/pgd.o
  CC      arch/arm/mach-ux500/id.o
  CC      arch/arm/kernel/module.o
  CC      arch/arm/mm/mmu.o
  CC      arch/arm/mach-ux500/pins.o
  AS      arch/arm/kernel/sleep.o
  CC      arch/arm/kernel/sched_clock.o
  CC      arch/arm/mach-ux500/usb.o
  CC      arch/arm/kernel/smp.o
  CC      arch/arm/mm/vmregion.o
  CC      arch/arm/mach-ux500/reboot_reasons.o
  CC      arch/arm/mach-ux500/timer.o
  CC      arch/arm/mm/proc-syms.o
  CC      arch/arm/mach-ux500/uart-db8500.o
  CC      arch/arm/mach-ux500/clock-debug.o
  CC      arch/arm/kernel/smp_tlb.o
  CC      arch/arm/mm/alignment.o
  CC      arch/arm/mach-ux500/pm/pm.o
  CC      arch/arm/kernel/smp_scu.o
  CC      arch/arm/mm/highmem.o
  CC      arch/arm/mach-ux500/pm/runtime.o
  CC      arch/arm/kernel/smp_twd.o
  CC      arch/arm/kernel/ftrace.o
  CC      arch/arm/mach-ux500/pm/prcmu-qos-power.o
  AS      arch/arm/mm/abort-ev7.o
  AS      arch/arm/mm/pabort-v7.o
  AS      arch/arm/mm/cache-v7.o
  CC      arch/arm/mm/copypage-v6.o
  CC      arch/arm/kernel/machine_kexec.o
  CC      arch/arm/mach-ux500/pm/context.o
  CC      arch/arm/mm/context.o
  AS      arch/arm/kernel/relocate_kernel.o
  CC      arch/arm/kernel/atags.o
  AS      arch/arm/mm/tlb-v7.o
  AS      arch/arm/mm/proc-v7.o
  CC      arch/arm/kernel/kgdb.o
  CC      arch/arm/mm/cache-l2x0.o
  AS      arch/arm/mach-ux500/pm/context_arm.o
  CC      arch/arm/mach-ux500/pm/context-db8500.o
  LD      arch/arm/mm/built-in.o
  CC      arch/arm/plat-nomadik/timer.o
  CC      arch/arm/kernel/unwind.o
  CC      arch/arm/mach-ux500/pm/context-db5500.o
  CC      arch/arm/mach-ux500/pm/context-db9540.o
  LD      arch/arm/plat-nomadik/built-in.o
  CC      kernel/sched.o
  CC      arch/arm/mach-ux500/pm/timer.o
  CC      arch/arm/kernel/crash_dump.o
  CC      arch/arm/mach-ux500/pm/suspend.o
  CC      arch/arm/kernel/swp_emulate.o
  CC      arch/arm/mach-ux500/pm/suspend_dbg.o
  CC      arch/arm/kernel/hw_breakpoint.o
  CC      arch/arm/mach-ux500/pm/performance.o
  CC      arch/arm/mach-ux500/pm/usecase_gov.o
  CC      arch/arm/kernel/pmu.o
  CC      arch/arm/kernel/perf_event.o
  LD      arch/arm/mach-ux500/pm/built-in.o
  CC      arch/arm/mach-ux500/sec_debug/sec_pmic.o
  CC      arch/arm/mach-ux500/sec_debug/sec_i2c.o
  CC      arch/arm/kernel/topology.o
  CC      arch/arm/kernel/io.o
  CC      arch/arm/mach-ux500/sec_debug/khb_main.o
  AS      arch/arm/kernel/head.o
  CC      arch/arm/kernel/init_task.o
  CC      arch/arm/mach-ux500/sec_debug/khb_lcd.o
  LDS     arch/arm/kernel/vmlinux.lds
  LD      arch/arm/kernel/built-in.o
  CC      mm/filemap.o
  LD      arch/arm/mach-ux500/sec_debug/built-in.o
  CC      arch/arm/mach-ux500/test/pwr.o
  LD      arch/arm/mach-ux500/test/built-in.o
  CC      arch/arm/mach-ux500/cpu-db8500.o
  CC      arch/arm/mach-ux500/devices-db8500.o
  CC      arch/arm/mach-ux500/clock-db8500.o
  CC      mm/mempool.o
  CC      arch/arm/mach-ux500/dma-db8500.o
  CC      mm/oom_kill.o
  CC      arch/arm/mach-ux500/cpu-db9500.o
  CC      arch/arm/mach-ux500/board-janice-mcde.o
  CC      kernel/fork.o
  CC      arch/arm/mach-ux500/board-sec-mmio.o
  CC      mm/fadvise.o
  CC      arch/arm/mach-ux500/board-pins-sleep-force.o
  CC      mm/maccess.o
  CC      arch/arm/mach-ux500/board-mop500-msp.o
  CC      mm/page_alloc.o
  CC      arch/arm/mach-ux500/board-janice-pins.o
  CC      kernel/exec_domain.o
  CC      arch/arm/mach-ux500/board-janice.o
  CC      kernel/panic.o
  CC      kernel/printk.o
  CC      arch/arm/mach-ux500/board-janice-regulators.o
  CC      arch/arm/mach-ux500/board-janice-bm.o
  CC      mm/page-writeback.o
  CC      arch/arm/mach-ux500/board-janice-sdi.o
  CC      kernel/cpu.o
  CC      arch/arm/mach-ux500/platsmp.o
  AS      arch/arm/mach-ux500/headsmp.o
  CC      arch/arm/mach-ux500/hotplug.o
  CC      kernel/exit.o
  CC      arch/arm/mach-ux500/localtimer.o
  CC      mm/readahead.o
  CC      arch/arm/mach-ux500/tee_ux500.o
  CC      arch/arm/mach-ux500/product.o
  CC      arch/arm/mach-ux500/mloader-db8500.o
  CC      arch/arm/mach-ux500/open_modem_shared_memory.o
  CC      mm/swap.o
  CC      arch/arm/mach-ux500/hwmem-int.o
  CC      arch/arm/mach-ux500/l2x0-prefetch.o
  CC      arch/arm/mach-ux500/prcmu-debug.o
  CC      kernel/itimer.o
  CC      mm/truncate.o
  CC      arch/arm/mach-ux500/dbx500_dump.o
  TIMEC   kernel/timeconst.h
  CC      kernel/softirq.o
  CC      arch/arm/mach-ux500/hctohc.o
  CC      mm/vmscan.o
  CC      arch/arm/mach-ux500/hw-observer-debug.o
  CC      arch/arm/mach-ux500/android_switch.o
  CC      arch/arm/mach-ux500/board-bluetooth-bcm4330.o
  CC      kernel/resource.o
  CC      arch/arm/mach-ux500/sec_common.o
  CC      kernel/sysctl.o
  CC      arch/arm/mach-ux500/sec_debug.o
  CC      mm/shmem.o
  CC      arch/arm/mach-ux500/sec_log_buf.o
  CC      arch/arm/mach-ux500/sec_gaf.o
  CC      kernel/sysctl_binary.o
  CC      arch/arm/mach-ux500/sec_getlog.o
  LD      arch/arm/mach-ux500/board-mcde.o
  LD      arch/arm/mach-ux500/built-in.o
  CC      mm/prio_tree.o
  CC      kernel/capability.o
  CC      fs/open.o
  CC      mm/util.o
  CC      kernel/ptrace.o
  CC      fs/read_write.o
  CC      mm/mmzone.o
  CC      kernel/timer.o
  CC      mm/vmstat.o
  CC      fs/file_table.o
  CC      mm/backing-dev.o
  CC      fs/super.o
  CC      kernel/user.o
  CC      mm/page_isolation.o
  CC      mm/mm_init.o
  CC      kernel/signal.o
  CC      mm/mmu_context.o
  CC      fs/char_dev.o
  CC      mm/percpu.o
  CC      fs/stat.o
  CC      fs/exec.o
  CC      mm/fremap.o
  CC      kernel/sys.o
  CC      mm/highmem.o
  CC      fs/pipe.o
  CC      mm/madvise.o
  CC      kernel/kmod.o
  CC      mm/memory.o
  CC      kernel/workqueue.o
  CC      fs/namei.o
  CC      mm/mincore.o
  CC      mm/mlock.o
  CC      kernel/pid.o
  CC      fs/fcntl.o
  CC      mm/mmap.o
  CC      kernel/rcupdate.o
  CC      fs/ioctl.o
  CC      kernel/extable.o
  CC      kernel/params.o
  CC      mm/mprotect.o
  CC      fs/readdir.o
  CC      kernel/posix-timers.o
  CC      mm/mremap.o
  CC      fs/select.o
  CC      mm/msync.o
  CC      kernel/kthread.o
  CC      mm/rmap.o
  CC      fs/fifo.o
  CC      kernel/wait.o
  CC      fs/dcache.o
  CC      kernel/kfifo.o
  CC      mm/vmalloc.o
  CC      kernel/sys_ni.o
  CC      kernel/posix-cpu-timers.o
  CC      fs/inode.o
  CC      kernel/mutex.o
  CC      mm/pagewalk.o
  CC      kernel/hrtimer.o
  CC      mm/pgtable-generic.o
  CC      mm/init-mm.o
  CC      fs/attr.o
  CC      mm/bootmem.o
  CC      fs/bad_inode.o
  CC      mm/memblock.o
  CC      kernel/rwsem.o
  CC      fs/file.o
  CC      kernel/nsproxy.o
  CC      mm/bounce.o
  CC      fs/filesystems.o
  CC      kernel/srcu.o
  CC      mm/dmapool.o
  CC      kernel/semaphore.o
  CC      fs/namespace.o
  CC      mm/ashmem.o
  CC      kernel/notifier.o
  CC      kernel/ksysfs.o
  CC      mm/compaction.o
  CC      kernel/pm_qos_params.o
  CC      kernel/sched_clock.o
  CC      mm/slab.o
  CC      fs/seq_file.o
  CC      kernel/cred.o
  CC      fs/xattr.o
  CC      kernel/async.o
  CC      kernel/range.o
  CC      fs/libfs.o
  CC      mm/migrate.o
  CC      kernel/jump_label.o
  CC      kernel/groups.o
  CC      fs/fs-writeback.o
  CC      kernel/freezer.o
  LD      mm/built-in.o
  CC      ipc/util.o
  CC      kernel/sysctl_check.o
  CC      ipc/msgutil.o
  CC      ipc/msg.o
  CC      kernel/stacktrace.o
  CC      fs/pnode.o
  CC      kernel/debug/debug_core.o
  CC      fs/drop_caches.o
  CC      ipc/sem.o
  CC      fs/splice.o
  CC      kernel/debug/gdbstub.o
  CC      ipc/shm.o
  CC      kernel/debug/kdb/kdb_io.o
  CC      fs/sync.o
  CC      ipc/ipcns_notifier.o
  CC      ipc/syscall.o
  CC      ipc/ipc_sysctl.o
  CC      kernel/debug/kdb/kdb_main.o
  CC      fs/utimes.o
  LD      ipc/built-in.o
  CC      security/keys/gc.o
  CC      fs/stack.o
  CC      security/keys/key.o
  CC      fs/fs_struct.o
  CC      fs/statfs.o
  CC      security/keys/keyring.o
  CC      kernel/debug/kdb/kdb_support.o
  CC      fs/buffer.o
  CC      security/keys/keyctl.o
  CC      kernel/debug/kdb/kdb_bt.o
  GENKDB  kernel/debug/kdb/gen-kdb_cmds.c
  CC      kernel/debug/kdb/kdb_bp.o
  CC      security/keys/permission.o
  CC      kernel/debug/kdb/kdb_debugger.o
  CC      security/keys/process_keys.o
  CC      kernel/debug/kdb/gen-kdb_cmds.o
  CC      fs/bio.o
  LD      kernel/debug/kdb/built-in.o
  LD      kernel/debug/built-in.o
  CC      kernel/events/core.o
  CC      security/keys/request_key.o
  CC      security/keys/request_key_auth.o
  CC      security/keys/user_defined.o
  CC      fs/block_dev.o
  CC      security/keys/proc.o
  CC      security/keys/sysctl.o
  LD      security/keys/built-in.o
  CC      security/commoncap.o
  CC      fs/direct-io.o
  CC      security/min_addr.o
  CC      fs/mpage.o
  LD      security/built-in.o
  CC      crypto/api.o
  CC      kernel/events/hw_breakpoint.o
  CC      fs/ioprio.o
  CC      crypto/cipher.o
  LD      kernel/events/built-in.o
  CC      kernel/irq/irqdesc.o
  CC      crypto/compress.o
  CC      kernel/irq/handle.o
  CC      fs/9p/vfs_super.o
  CC      crypto/algapi.o
  CC      kernel/irq/manage.o
  CC      fs/9p/vfs_inode.o
  CC      crypto/scatterwalk.o
  CC      kernel/irq/spurious.o
  CC      fs/9p/vfs_inode_dotl.o
  CC      kernel/irq/resend.o
  CC      crypto/proc.o
  CC      kernel/irq/chip.o
  CC      fs/9p/vfs_addr.o
  CC      crypto/ablkcipher.o
  CC      kernel/irq/dummychip.o
  CC      fs/9p/vfs_file.o
  CC      kernel/irq/devres.o
  CC      kernel/irq/irqdomain.o
  CC      crypto/blkcipher.o
  CC      fs/9p/vfs_dir.o
  CC      kernel/irq/autoprobe.o
  CC      kernel/irq/proc.o
  CC      fs/9p/vfs_dentry.o
  CC      crypto/ahash.o
  CC      fs/9p/v9fs.o
  CC      kernel/irq/pm.o
  LD      kernel/irq/built-in.o
  CC      kernel/power/main.o
  CC      fs/9p/fid.o
  CC      crypto/shash.o
  CC      fs/9p/xattr.o
  CC      kernel/power/console.o
  CC      fs/9p/xattr_user.o
  CC      kernel/power/process.o
  CC      crypto/algboss.o
  LD      fs/9p/9p.o
  LD      fs/9p/built-in.o
  CC      fs/debugfs/inode.o
  CC      kernel/power/suspend.o
  CC      crypto/testmgr.o
  CC      fs/debugfs/file.o
  CC      crypto/crypto_wq.o
  CC      kernel/power/wakelock.o
  LD      fs/debugfs/debugfs.o
  LD      fs/debugfs/built-in.o
  CC      fs/devpts/inode.o
  LD      crypto/crypto_algapi.o
  CC      crypto/aead.o
  LD      fs/devpts/devpts.o
  LD      fs/devpts/built-in.o
  CC      fs/ecryptfs/dentry.o
  CC      kernel/power/userwakelock.o
  CC      fs/ecryptfs/file.o
  LD      crypto/crypto_blkcipher.o
  CC      crypto/chainiv.o
  CC      kernel/power/portlist.o
  CC      crypto/eseqiv.o
  CC      fs/ecryptfs/inode.o
  CC      kernel/power/earlysuspend.o
  LD      crypto/crypto_hash.o
  CC      crypto/pcompress.o
  CC      kernel/power/fbearlysuspend.o
  LD      crypto/cryptomgr.o
  CC      crypto/hmac.o
  CC      fs/ecryptfs/main.o
  CC      kernel/power/poweroff.o
  LD      kernel/power/built-in.o
  CC      kernel/time/timekeeping.o
  CC      crypto/md5.o
  CC      crypto/sha1_generic.o
  CC      fs/ecryptfs/super.o
  CC      crypto/sha256_generic.o
  CC      fs/ecryptfs/mmap.o
  CC      kernel/time/ntp.o
  CC      kernel/time/clocksource.o
  CC      fs/ecryptfs/read_write.o
  CC      crypto/ecb.o
  CC      crypto/cbc.o
  CC      fs/ecryptfs/crypto.o
  CC      kernel/time/jiffies.o
  CC      crypto/des_generic.o
  CC      kernel/time/timer_list.o
  CC      kernel/time/timecompare.o
  CC      fs/ecryptfs/keystore.o
  CC      kernel/time/timeconv.o
  CC      crypto/twofish_generic.o
  CC      kernel/time/posix-clock.o
  CC      crypto/twofish_common.o
  CC      kernel/time/clockevents.o
  CC      fs/ecryptfs/messaging.o
  CC      kernel/time/tick-common.o
  CC      crypto/aes_generic.o
  CC      kernel/time/tick-broadcast.o
  CC      fs/ecryptfs/miscdev.o
  CC      kernel/time/tick-oneshot.o
  CC      fs/ecryptfs/kthread.o
  CC      crypto/arc4.o
  CC      kernel/time/tick-sched.o
  CC      fs/ecryptfs/debug.o
  CC      crypto/deflate.o
  LD      fs/ecryptfs/ecryptfs.o
  CC      crypto/crc32c.o
  LD      fs/ecryptfs/built-in.o
  CC      fs/ext2/balloc.o
  CC      kernel/time/timer_stats.o
  CC      crypto/authenc.o
  LD      kernel/time/built-in.o
  CC      kernel/trace/trace_selftest_dynamic.o
  CC      fs/ext2/dir.o
  CC      kernel/trace/trace_clock.o
  CC      crypto/authencesn.o
  CC      kernel/trace/ftrace.o
  CC      fs/ext2/file.o
  CC      fs/ext2/ialloc.o
  CC      crypto/rng.o
  CC      crypto/krng.o
  LD      crypto/crypto.o
  LD      crypto/built-in.o
  CC      fs/ext2/inode.o
  CC      block/elevator.o
  CC      kernel/trace/ring_buffer.o
  CC      fs/ext2/ioctl.o
  CC      block/blk-core.o
  CC      fs/ext2/namei.o
  CC      fs/ext2/super.o
  CC      kernel/trace/trace.o
  CC      fs/ext2/symlink.o
  LD      fs/ext2/ext2.o
  LD      fs/ext2/built-in.o
  CC      fs/ext4/balloc.o
  CC      block/blk-tag.o
  CC      fs/ext4/bitmap.o
  CC      fs/ext4/dir.o
  CC      block/blk-sysfs.o
  CC      fs/ext4/file.o
  CC      block/blk-flush.o
  CC      kernel/trace/trace_output.o
  CC      fs/ext4/fsync.o
  CC      block/blk-settings.o
  CC      fs/ext4/ialloc.o
  CC      kernel/trace/trace_stat.o
  CC      block/blk-ioc.o
  CC      kernel/trace/trace_printk.o
  CC      block/blk-map.o
  CC      fs/ext4/inode.o
  CC      kernel/trace/trace_sched_switch.o
  CC      block/blk-exec.o
  CC      kernel/trace/trace_functions.o
  CC      block/blk-merge.o
  CC      kernel/trace/trace_sched_wakeup.o
  CC      block/blk-softirq.o
  CC      kernel/trace/trace_nop.o
  CC      kernel/trace/trace_functions_graph.o
  CC      block/blk-timeout.o
  CC      block/blk-iopoll.o
  CC      kernel/trace/blktrace.o
  CC      kernel/trace/trace_events.o
  CC      block/blk-lib.o
  CC      fs/ext4/page-io.o
  CC      block/ioctl.o
  CC      fs/ext4/ioctl.o
  CC      kernel/trace/trace_export.o
  CC      block/genhd.o
  CC      fs/ext4/namei.o
  CC      kernel/trace/trace_event_perf.o
  CC      kernel/trace/trace_events_filter.o
  CC      block/scsi_ioctl.o
  CC      fs/ext4/super.o
  CC      kernel/trace/power-traces.o
  CC      block/noop-iosched.o
  CC      block/deadline-iosched.o
  CC      kernel/trace/trace_kdb.o
  CC      block/cfq-iosched.o
  LD      kernel/trace/libftrace.o
  LD      kernel/trace/built-in.o
  CC      kernel/futex.o
  CC      kernel/rtmutex.o
  LD      block/built-in.o
  CC      drivers/amba/bus.o
  CC      kernel/smp.o
  LD      drivers/amba/built-in.o
  LD      drivers/auxdisplay/built-in.o
  CC      drivers/base/core.o
  CC      kernel/spinlock.o
  CC      kernel/uid16.o
  CC      drivers/base/sys.o
  CC      drivers/base/bus.o
  CC      kernel/module.o
  CC      fs/ext4/symlink.o
  CC      fs/ext4/hash.o
  CC      drivers/base/dd.o
  CC      fs/ext4/resize.o
  CC      drivers/base/syscore.o
  CC      drivers/base/driver.o
  CC      drivers/base/class.o
  CC      fs/ext4/extents.o
  CC      kernel/kallsyms.o
  CC      drivers/base/platform.o
  CC      kernel/acct.o
  CC      drivers/base/cpu.o
  CC      drivers/base/firmware.o
  CC      kernel/kexec.o
  CC      drivers/base/init.o
  CC      drivers/base/map.o
  CC      drivers/base/devres.o
  CC      fs/ext4/ext4_jbd2.o
  CC      kernel/cgroup.o
  CC      drivers/base/attribute_container.o
  CC      fs/ext4/migrate.o
  CC      drivers/base/transport_class.o
  CC      drivers/base/power/sysfs.o
  CC      fs/ext4/mballoc.o
  CC      drivers/base/power/generic_ops.o
  CC      drivers/base/power/main.o
  CC      drivers/base/power/wakeup.o
  CC      kernel/stop_machine.o
  CC      kernel/hung_task.o
  CC      drivers/base/power/runtime.o
  CC      kernel/watchdog.o
  CC      drivers/base/power/clock_ops.o
  CC      kernel/rcutree.o
  LD      drivers/base/power/built-in.o
  CC      drivers/base/dma-mapping.o
  CC      fs/ext4/block_validity.o
  CC      drivers/base/dma-coherent.o
  CC      fs/ext4/move_extent.o
  CC      drivers/base/firmware_class.o
  CC      kernel/relay.o
  CC      drivers/base/topology.o
  CC      fs/ext4/mmp.o
  CC      drivers/base/module.o
  CC      drivers/base/soc.o
  CC      kernel/utsname_sysctl.o
  LD      fs/ext4/ext4.o
  LD      drivers/base/built-in.o
  LD      fs/ext4/built-in.o
  CC      drivers/block/brd.o
  CC      fs/fat/cache.o
  CC      kernel/tracepoint.o
  CC      fs/fat/dir.o
  CC      drivers/block/loop.o
  CC      kernel/elfcore.o
  CC      kernel/sched_cpupri.o
  CC      kernel/irq_work.o
  CC      kernel/crash_dump.o
  LD      drivers/block/built-in.o
  CC      drivers/bluetooth/hci_ldisc.o
  CC      kernel/time.o
  CC      fs/fat/fatent.o
  LD      kernel/built-in.o
  CC      drivers/bluetooth/hci_h4.o
  CC      sound/sound_core.o
  CC      fs/fat/file.o
  LD      sound/arm/built-in.o
  LD      sound/atmel/built-in.o
  CC      sound/core/hwdep.o
  CC      drivers/bluetooth/hci_ll.o
  CC      fs/fat/inode.o
  CC      sound/core/memalloc.o
  LD      drivers/bluetooth/bthid/built-in.o
  CC [M]  drivers/bluetooth/bthid/bthid.o
  CC      sound/core/pcm.o
  LD      drivers/bluetooth/hci_uart.o
  LD      drivers/bluetooth/built-in.o
  LD      drivers/cdrom/built-in.o
  CC      drivers/char/mem.o
  CC      fs/fat/misc.o
  CC      drivers/char/random.o
  CC      sound/core/pcm_native.o
  CC      fs/fat/namei_msdos.o
  CC      fs/fat/namei_vfat.o
  CC      drivers/char/misc.o
  CC      drivers/char/shrm_char.o
  LD      fs/fat/fat.o
  LD      fs/fat/vfat.o
  LD      fs/fat/msdos.o
  LD      fs/fat/built-in.o
  CC      fs/fuse/dev.o
  LD      drivers/char/hw_random/built-in.o
  CC [M]  drivers/char/hw_random/core.o
  CC      sound/core/pcm_lib.o
  LD [M]  drivers/char/hw_random/rng-core.o
  LD      drivers/char/hwreg/built-in.o
  CC [M]  drivers/char/hwreg/hwreg.o
  LD      drivers/char/built-in.o
  CC      drivers/clk/clkdev.o
  CC      fs/fuse/dir.o
  LD      drivers/clk/built-in.o
  CC      drivers/clocksource/mmio.o
  CC      drivers/clocksource/clksrc-dbx500-prcmu.o
  CC      sound/core/pcm_timer.o
  LD      drivers/clocksource/built-in.o
  CC      drivers/cpufreq/cpufreq.o
  CC      sound/core/pcm_misc.o
  CC      fs/fuse/file.o
  CC      sound/core/pcm_memory.o
  CC      drivers/cpufreq/cpufreq_stats.o
  CC      sound/core/rawmidi.o
  CC      drivers/cpufreq/cpufreq_performance.o
  CC      drivers/cpufreq/cpufreq_powersave.o
  CC      drivers/cpufreq/cpufreq_userspace.o
  CC      fs/fuse/inode.o
  CC      drivers/cpufreq/cpufreq_ondemand.o
  CC      sound/core/timer.o
  CC      drivers/cpufreq/cpufreq_conservative.o
  CC      fs/fuse/control.o
  CC      drivers/cpufreq/cpufreq_interactive.o
  LD      fs/fuse/fuse.o
  LD      fs/fuse/built-in.o
  CC      fs/jbd2/transaction.o
  CC      sound/core/sound.o
  CC      drivers/cpufreq/freq_table.o
  CC      drivers/cpufreq/dbx500-cpufreq.o
  CC      sound/core/init.o
  LD      drivers/cpufreq/built-in.o
  CC      drivers/cpuidle/cpuidle.o
  CC      fs/jbd2/commit.o
  CC      drivers/cpuidle/driver.o
  CC      sound/core/memory.o
  CC      drivers/cpuidle/governor.o
  CC      sound/core/info.o
  CC      drivers/cpuidle/sysfs.o
  CC      fs/jbd2/recovery.o
  CC      drivers/cpuidle/governors/ladder.o
  CC      drivers/cpuidle/governors/menu.o
  CC      sound/core/control.o
  CC      fs/jbd2/checkpoint.o
  LD      drivers/cpuidle/governors/built-in.o
  CC      drivers/cpuidle/cpuidle-dbx500.o
  CC      fs/jbd2/revoke.o
  CC      drivers/cpuidle/cpuidle-dbx500_dbg.o
  CC      sound/core/misc.o
  CC      fs/jbd2/journal.o
  CC      sound/core/device.o
  CC      sound/core/jack.o
  LD      drivers/cpuidle/built-in.o
  CC      drivers/crypto/ux500/hash/hash_core.o
  LD      sound/core/snd.o
  LD      sound/core/snd-hwdep.o
  LD      sound/core/snd-timer.o
  LD      sound/core/snd-pcm.o
  LD      sound/core/snd-page-alloc.o
  LD      sound/core/snd-rawmidi.o
  LD      sound/core/built-in.o
  LD      sound/drivers/mpu401/built-in.o
  LD      sound/drivers/opl3/built-in.o
  LD      sound/drivers/opl4/built-in.o
  LD      sound/drivers/pcsp/built-in.o
  LD      sound/drivers/vx/built-in.o
  LD      sound/drivers/built-in.o
  LD      sound/firewire/built-in.o
  LD      sound/i2c/other/built-in.o
  LD      sound/i2c/built-in.o
  LD      sound/isa/ad1816a/built-in.o
  LD      sound/isa/ad1848/built-in.o
  LD      sound/isa/cs423x/built-in.o
  LD      sound/isa/es1688/built-in.o
  LD      sound/isa/galaxy/built-in.o
  LD      sound/isa/gus/built-in.o
  LD      sound/isa/msnd/built-in.o
  LD      sound/isa/opti9xx/built-in.o
  LD      sound/isa/sb/built-in.o
  LD      sound/isa/wavefront/built-in.o
  LD      sound/isa/wss/built-in.o
  LD      sound/isa/built-in.o
  LD      sound/mips/built-in.o
  LD      sound/parisc/built-in.o
  LD      sound/pci/ac97/built-in.o
  LD      sound/pci/ali5451/built-in.o
  LD      sound/pci/asihpi/built-in.o
  LD      sound/pci/au88x0/built-in.o
  LD      sound/pci/aw2/built-in.o
  LD      sound/pci/ca0106/built-in.o
  LD      sound/pci/cs46xx/built-in.o
  LD      sound/pci/cs5535audio/built-in.o
  LD      sound/pci/ctxfi/built-in.o
  LD      sound/pci/echoaudio/built-in.o
  LD      sound/pci/emu10k1/built-in.o
  LD      sound/pci/hda/built-in.o
  LD      sound/pci/ice1712/built-in.o
  LD      sound/pci/korg1212/built-in.o
  LD      sound/pci/lola/built-in.o
  LD      sound/pci/lx6464es/built-in.o
  LD      sound/pci/mixart/built-in.o
  LD      sound/pci/nm256/built-in.o
  LD      sound/pci/oxygen/built-in.o
  LD      sound/pci/pcxhr/built-in.o
  LD      sound/pci/riptide/built-in.o
  LD      sound/pci/rme9652/built-in.o
  LD      sound/pci/trident/built-in.o
  LD      sound/pci/vx222/built-in.o
  LD      sound/pci/ymfpci/built-in.o
  LD      sound/pci/built-in.o
  LD      sound/pcmcia/pdaudiocf/built-in.o
  LD      sound/pcmcia/vx/built-in.o
  LD      sound/pcmcia/built-in.o
  LD      sound/ppc/built-in.o
  LD      sound/sh/built-in.o
  CC      sound/soc/soc-core.o
  LD      drivers/crypto/ux500/hash/ux500_hash.o
  LD      drivers/crypto/ux500/hash/built-in.o
  LD      drivers/crypto/ux500/built-in.o
  LD      drivers/crypto/built-in.o
  CC      drivers/dma/dmaengine.o
  LD      fs/jbd2/jbd2.o
  LD      fs/jbd2/built-in.o
  CC      fs/nls/nls_base.o
  CC      fs/nls/nls_cp437.o
  CC      fs/nls/nls_ascii.o
  CC      fs/nls/nls_iso8859-1.o
  CC      drivers/dma/ste_dma40.o
  CC      fs/nls/nls_utf8.o
  LD      fs/nls/built-in.o
  CC      fs/notify/fsnotify.o
  CC      fs/notify/notification.o
  CC      fs/notify/group.o
  CC      fs/notify/inode_mark.o
  CC      sound/soc/soc-dapm.o
  CC      drivers/dma/ste_dma40_ll.o
  CC      fs/notify/mark.o
  LD      drivers/dma/built-in.o
  LD      drivers/firewire/built-in.o
  LD      drivers/firmware/built-in.o
  CC      drivers/gpio/gpiolib.o
  CC      fs/notify/vfsmount_mark.o
  LD      fs/notify/dnotify/built-in.o
  LD      fs/notify/fanotify/built-in.o
  CC      fs/notify/inotify/inotify_fsnotify.o
  CC      fs/notify/inotify/inotify_user.o
  CC      sound/soc/soc-jack.o
  CC      drivers/gpio/gpio-ab8500.o
  LD      fs/notify/inotify/built-in.o
  LD      fs/notify/built-in.o
  CC      fs/partitions/check.o
  CC      sound/soc/soc-cache.o
  CC      drivers/gpio/gpio-nomadik.o
  CC      fs/partitions/blkdev_parts.o
  CC      sound/soc/soc-utils.o
  LD      drivers/gpio/built-in.o
  LD      drivers/gpu/drm/i2c/built-in.o
  LD      drivers/gpu/drm/built-in.o
  LD      drivers/gpu/ion/built-in.o
  CC      fs/partitions/msdos.o
  CC      drivers/gpu/mali/mali400ko/driver/src/devicedrv/mali/common/mali_kernel_utilization.o
  CC      drivers/gpu/mali/mali400ko/driver/src/devicedrv/mali/common/mali_kernel_core.o
  LD      sound/soc/atmel/built-in.o
  LD      sound/soc/au1x/built-in.o
  LD      sound/soc/blackfin/built-in.o
  CC      sound/soc/codecs/ab8500_audio.o
  CC      fs/partitions/efi.o
  CC      drivers/gpu/mali/mali400ko/driver/src/devicedrv/mali/linux/mali_kernel_linux.o
  CC      drivers/gpu/mali/mali400ko/driver/src/devicedrv/mali/common/mali_kernel_descriptor_mapping.o
  LD      fs/partitions/built-in.o
  CC      fs/proc/mmu.o
  LD      sound/soc/codecs/snd-soc-ab8500_audio.o
  CC      drivers/gpu/mali/mali400ko/driver/src/devicedrv/mali/common/mali_session.o
  LD      sound/soc/codecs/built-in.o
  LD      sound/soc/davinci/built-in.o
  LD      sound/soc/ep93xx/built-in.o
  LD      sound/soc/fsl/built-in.o
  LD      sound/soc/imx/built-in.o
  LD      sound/soc/jz4740/built-in.o
  CC      drivers/gpu/mali/mali400ko/driver/src/devicedrv/mali/common/mali_device_pause_resume.o
  LD      sound/soc/kirkwood/built-in.o
  LD      sound/soc/mid-x86/built-in.o
  LD      sound/soc/nuc900/built-in.o
  LD      sound/soc/omap/built-in.o
  LD      sound/soc/pxa/built-in.o
  CC      drivers/gpu/mali/mali400ko/driver/src/devicedrv/mali/common/mali_kernel_vsync.o
  LD      sound/soc/s6000/built-in.o
  LD      sound/soc/samsung/built-in.o
  LD      sound/soc/sh/built-in.o
  LD      sound/soc/tegra/built-in.o
  CC      drivers/gpu/mali/mali400ko/driver/src/devicedrv/mali/linux/mali_ukk_vsync.o
  LD      sound/soc/txx9/built-in.o
  CC      sound/soc/ux500/u8500.o
  CC      fs/proc/task_mmu.o
  CC      drivers/gpu/mali/mali400ko/driver/src/devicedrv/mali/linux/mali_kernel_sysfs.o
  CC      sound/soc/ux500/ux500_ab8500.o
  CC      fs/proc/inode.o
  CC      drivers/gpu/mali/mali400ko/driver/src/devicedrv/mali/common/mali_mmu.o
  CC      fs/proc/root.o
  CC      drivers/gpu/mali/mali400ko/driver/src/devicedrv/mali/common/mali_mmu_page_directory.o
  CC      sound/soc/ux500/ux500_pcm.o
  CC      fs/proc/base.o
  CC      drivers/gpu/mali/mali400ko/driver/src/devicedrv/mali/common/mali_memory.o
  CC      sound/soc/ux500/ux500_msp_dai.o
  CC      drivers/gpu/mali/mali400ko/driver/src/devicedrv/mali/common/mali_kernel_memory_engine.o
  CC      drivers/gpu/mali/mali400ko/driver/src/devicedrv/mali/common/mali_block_allocator.o
  CC      drivers/gpu/mali/mali400ko/driver/src/devicedrv/mali/common/mali_kernel_mem_os.o
  CC      sound/soc/ux500/ux500_msp_i2s.o
  CC      drivers/gpu/mali/mali400ko/driver/src/devicedrv/mali/common/mali_mem_validation.o
  CC      fs/proc/generic.o
  CC      drivers/gpu/mali/mali400ko/driver/src/devicedrv/mali/common/mali_hw_core.o
  CC      drivers/gpu/mali/mali400ko/driver/src/devicedrv/mali/common/mali_gp.o
  CC      drivers/gpu/mali/mali400ko/driver/src/devicedrv/mali/common/mali_pp.o
  CC      fs/proc/array.o
  LD      sound/soc/ux500/snd-soc-ux500-platform.o
  LD      sound/soc/ux500/snd-soc-ux500-machine.o
  LD      sound/soc/ux500/snd-soc-u8500.o
  LD      sound/soc/ux500/built-in.o
  LD      sound/soc/snd-soc-core.o
  LD      sound/soc/built-in.o
  LD      sound/sparc/built-in.o
  LD      sound/spi/built-in.o
  LD      sound/synth/built-in.o
  CC      sound/usb/card.o
  CC      drivers/gpu/mali/mali400ko/driver/src/devicedrv/mali/common/mali_pp_job.o
  CC      drivers/gpu/mali/mali400ko/driver/src/devicedrv/mali/common/mali_gp_job.o
  CC      drivers/gpu/mali/mali400ko/driver/src/devicedrv/mali/common/mali_scheduler.o
  CC      drivers/gpu/mali/mali400ko/driver/src/devicedrv/mali/common/mali_gp_scheduler.o
  CC      fs/proc/proc_tty.o
  CC      drivers/gpu/mali/mali400ko/driver/src/devicedrv/mali/common/mali_pp_scheduler.o
  CC      fs/proc/cmdline.o
  CC      sound/usb/mixer.o
  CC      fs/proc/consoles.o
  CC      fs/proc/cpuinfo.o
  CC      drivers/gpu/mali/mali400ko/driver/src/devicedrv/mali/common/mali_cluster.o
  CC      fs/proc/devices.o
  CC      drivers/gpu/mali/mali400ko/driver/src/devicedrv/mali/common/mali_group.o
  CC      fs/proc/interrupts.o
  CC      fs/proc/loadavg.o
  CC      drivers/gpu/mali/mali400ko/driver/src/devicedrv/mali/common/mali_dlbu.o
  CC      sound/usb/mixer_quirks.o
  CC      fs/proc/meminfo.o
  CC      drivers/gpu/mali/mali400ko/driver/src/devicedrv/mali/common/mali_pm.o
  CC      drivers/gpu/mali/mali400ko/driver/src/devicedrv/mali/common/mali_pmu.o
  CC      fs/proc/stat.o
  CC      sound/usb/proc.o
  CC      drivers/gpu/mali/mali400ko/driver/src/devicedrv/mali/common/mali_user_settings_db.o
  CC      drivers/gpu/mali/mali400ko/driver/src/devicedrv/mali/linux/mali_osk_pm.o
  CC      fs/proc/uptime.o
  CC      drivers/gpu/mali/mali400ko/driver/src/devicedrv/mali/linux/mali_kernel_pm.o
  CC      sound/usb/quirks.o
  CC      fs/proc/version.o
  CC      drivers/gpu/mali/mali400ko/driver/src/devicedrv/mali/linux/mali_pmu_power_up_down.o
  CC      fs/proc/softirqs.o
  CC      sound/usb/format.o
  CC      drivers/gpu/mali/mali400ko/driver/src/devicedrv/mali/platform/ux500/mali_platform.o
  CC      fs/proc/namespaces.o
  CC      drivers/gpu/mali/mali400ko/driver/src/devicedrv/mali/linux/mali_osk_atomics.o
  CC      drivers/gpu/mali/mali400ko/driver/src/devicedrv/mali/linux/mali_osk_irq.o
  CC      sound/usb/endpoint.o
  CC      fs/proc/proc_sysctl.o
  CC      drivers/gpu/mali/mali400ko/driver/src/devicedrv/mali/linux/mali_osk_locks.o
  CC      drivers/gpu/mali/mali400ko/driver/src/devicedrv/mali/linux/mali_osk_wait_queue.o
  CC      sound/usb/urb.o
  CC      fs/proc/proc_net.o
  CC      drivers/gpu/mali/mali400ko/driver/src/devicedrv/mali/linux/mali_osk_low_level_mem.o
  CC      fs/proc/vmcore.o
  CC      sound/usb/pcm.o
  CC      drivers/gpu/mali/mali400ko/driver/src/devicedrv/mali/linux/mali_osk_math.o
  CC      drivers/gpu/mali/mali400ko/driver/src/devicedrv/mali/linux/mali_osk_memory.o
  CC      drivers/gpu/mali/mali400ko/driver/src/devicedrv/mali/linux/mali_osk_misc.o
  CC      fs/proc/kmsg.o
  CC      drivers/gpu/mali/mali400ko/driver/src/devicedrv/mali/linux/mali_osk_mali.o
  CC      drivers/gpu/mali/mali400ko/driver/src/devicedrv/mali/linux/mali_osk_notification.o
  CC      sound/usb/helper.o
  CC      fs/proc/page.o
  CC      drivers/gpu/mali/mali400ko/driver/src/devicedrv/mali/linux/mali_osk_time.o
  CC      sound/usb/clock.o
  CC      drivers/gpu/mali/mali400ko/driver/src/devicedrv/mali/linux/mali_osk_timers.o
  CC      fs/proc/dump_enable.o
  CC      drivers/gpu/mali/mali400ko/driver/src/devicedrv/mali/linux/mali_ukk_mem.o
  LD      fs/proc/proc.o
  CC      sound/usb/midi.o
  LD      fs/proc/built-in.o
  LD      fs/quota/built-in.o
  CC      drivers/gpu/mali/mali400ko/driver/src/devicedrv/mali/linux/mali_ukk_gp.o
  CC      fs/ramfs/inode.o
  CC      drivers/gpu/mali/mali400ko/driver/src/devicedrv/mali/linux/mali_ukk_pp.o
  CC      drivers/gpu/mali/mali400ko/driver/src/devicedrv/mali/linux/mali_ukk_core.o
  CC      fs/ramfs/file-mmu.o
  LD      fs/ramfs/ramfs.o
  CC      drivers/gpu/mali/mali400ko/driver/src/devicedrv/mali/__malidrv_build_info.o
  LD      fs/ramfs/built-in.o
  CC      fs/sysfs/inode.o
  CC      drivers/gpu/mali/mali400ko/driver/src/devicedrv/mali/common/mali_l2_cache.o
  CC      drivers/gpu/mali/mali400ko/driver/src/devicedrv/mali/platform/ux500/ump_kernel_api_hwmem.o
  LD      drivers/gpu/mali/mali400ko/driver/src/devicedrv/mali/mali.o
  LD      drivers/gpu/mali/mali400ko/driver/src/devicedrv/mali/built-in.o
  LD      drivers/gpu/mali/built-in.o
  CC      fs/sysfs/file.o
  LD      drivers/gpu/stub/built-in.o
  LD      sound/usb/6fire/built-in.o
  LD      drivers/gpu/vga/built-in.o
  LD      sound/usb/caiaq/built-in.o
  LD      drivers/gpu/built-in.o
  LD      sound/usb/misc/built-in.o
  LD      sound/usb/usx2y/built-in.o
  LD      sound/usb/snd-usb-audio.o
  CC      drivers/hid/hid-lg.o
  LD      sound/usb/snd-usbmidi-lib.o
  LD      sound/usb/built-in.o
  CC      sound/last.o
  LD      sound/soundcore.o
  LD      sound/built-in.o
  LD      firmware/built-in.o
  CC      net/socket.o
  CC      fs/sysfs/dir.o
  CC      drivers/hid/hid-debug.o
  CC      drivers/hid/hid-core.o
  CC      fs/sysfs/symlink.o
  CC      fs/sysfs/mount.o
  LD      net/802/built-in.o
  CC      net/9p/mod.o
  CC      fs/sysfs/bin.o
  CC      drivers/hid/hid-input.o
  CC      net/9p/client.o
  CC      fs/sysfs/group.o
  LD      fs/sysfs/built-in.o
  CC      fs/eventpoll.o
  CC      net/9p/error.o
  CC      net/9p/util.o
  CC      fs/anon_inodes.o
  CC      drivers/hid/hid-a4tech.o
  CC      drivers/hid/hid-apple.o
  CC      net/9p/protocol.o
  CC      fs/signalfd.o
  CC      drivers/hid/hid-belkin.o
  CC      net/9p/trans_fd.o
  CC      fs/timerfd.o
  CC      drivers/hid/hid-cherry.o
  CC      drivers/hid/hid-chicony.o
  CC      fs/eventfd.o
  CC      drivers/hid/hid-cypress.o
  CC      net/9p/trans_common.o
  CC      drivers/hid/hid-dr.o
  CC      fs/aio.o
  LD      net/9p/9pnet.o
  LD      net/9p/built-in.o
  CC      net/bluetooth_mgmt/af_bluetooth.o
  CC      drivers/hid/hid-elecom.o
  CC      drivers/hid/hid-ezkey.o
  CC      drivers/hid/hid-gyration.o
  CC      drivers/hid/hid-kensington.o
  CC      net/bluetooth_mgmt/hci_core.o
  CC      fs/locks.o
  CC      drivers/hid/hid-kye.o
  LD      drivers/hid/hid-logitech.o
  CC      drivers/hid/hid-magicmouse.o
  CC      drivers/hid/hid-microsoft.o
  CC      drivers/hid/hid-monterey.o
  CC      fs/binfmt_script.o
  CC      drivers/hid/hid-ntrig.o
  CC      fs/binfmt_elf.o
  CC      drivers/hid/hid-ortek.o
  CC      net/bluetooth_mgmt/hci_conn.o
  CC      drivers/hid/hid-quanta.o
  CC      drivers/hid/hid-pl.o
  CC      fs/posix_acl.o
  CC      drivers/hid/hid-petalynx.o
  CC      fs/xattr_acl.o
  CC      drivers/hid/hid-picolcd.o
  CC      net/bluetooth_mgmt/hci_event.o
  CC      fs/generic_acl.o
  LD      fs/built-in.o
  LD      arch/arm/lib/built-in.o
  AS      arch/arm/lib/ashldi3.o
  AS      arch/arm/lib/ashrdi3.o
  AS      arch/arm/lib/backtrace.o
  AS      arch/arm/lib/changebit.o
  AS      arch/arm/lib/clear_user.o
  AS      arch/arm/lib/clearbit.o
  AS      arch/arm/lib/copy_from_user.o
  AS      arch/arm/lib/copy_page.o
  CC      drivers/hid/hid-roccat.o
  AS      arch/arm/lib/copy_to_user.o
  AS      arch/arm/lib/csumipv6.o
  AS      arch/arm/lib/csumpartial.o
  AS      arch/arm/lib/csumpartialcopy.o
  AS      arch/arm/lib/csumpartialcopyuser.o
  CC      arch/arm/lib/delay.o
  AS      arch/arm/lib/div64.o
  AS      arch/arm/lib/findbit.o
  AS      arch/arm/lib/getuser.o
  AS      arch/arm/lib/io-readsb.o
  AS      arch/arm/lib/io-readsl.o
  CC      drivers/hid/hid-roccat-common.o
  AS      arch/arm/lib/io-readsw-armv4.o
  AS      arch/arm/lib/io-writesb.o
  AS      arch/arm/lib/io-writesl.o
  AS      arch/arm/lib/io-writesw-armv4.o
  AS      arch/arm/lib/lib1funcs.o
  AS      arch/arm/lib/lshrdi3.o
  AS      arch/arm/lib/memchr.o
  AS      arch/arm/lib/memcpy.o
  AS      arch/arm/lib/memmove.o
  AS      arch/arm/lib/memset.o
  AS      arch/arm/lib/memzero.o
  AS      arch/arm/lib/muldi3.o
  AS      arch/arm/lib/putuser.o
  AS      arch/arm/lib/setbit.o
  AS      arch/arm/lib/sha1.o
  CC      drivers/hid/hid-roccat-kone.o
  AS      arch/arm/lib/strchr.o
  AS      arch/arm/lib/strncpy_from_user.o
  AS      arch/arm/lib/strnlen_user.o
  AS      arch/arm/lib/strrchr.o
  AS      arch/arm/lib/testchangebit.o
  AS      arch/arm/lib/testclearbit.o
  AS      arch/arm/lib/testsetbit.o
  AS      arch/arm/lib/ucmpdi2.o
  AR      arch/arm/lib/lib.a
  CC      lib/bcd.o
  CC      lib/div64.o
  CC      drivers/hid/hid-samsung.o
  CC      lib/sort.o
  CC      lib/parser.o
  CC      drivers/hid/hid-sjoy.o
  CC      lib/halfmd4.o
  CC      drivers/hid/hid-sony.o
  CC      lib/debug_locks.o
  CC      net/bluetooth_mgmt/mgmt.o
  CC      lib/random32.o
  CC      drivers/hid/hid-sunplus.o
  CC      lib/bust_spinlocks.o
  CC      drivers/hid/hid-gaff.o
  CC      lib/hexdump.o
  CC      drivers/hid/hid-tmff.o
  CC      lib/kasprintf.o
  CC      drivers/hid/hid-topseed.o
  CC      lib/bitmap.o
  CC      drivers/hid/hid-zpff.o
  CC      drivers/hid/hid-zydacron.o
  CC      lib/scatterlist.o
  CC      drivers/hid/hid-wacom.o
  CC      net/bluetooth_mgmt/hci_sock.o
  CC      lib/string_helpers.o
  CC      drivers/hid/usbhid/hid-core.o
  CC      lib/gcd.o
  CC      lib/lcm.o
  CC      lib/list_sort.o
  CC      net/bluetooth_mgmt/hci_sysfs.o
  CC      lib/uuid.o
  CC      lib/flex_array.o
  CC      drivers/hid/usbhid/hid-quirks.o
  CC      lib/bsearch.o
  CC      lib/find_last_bit.o
  LD      drivers/hid/usbhid/usbhid.o
  LD      drivers/hid/usbhid/built-in.o
  LD      drivers/hid/hid.o
  LD      drivers/hid/built-in.o
  CC      net/bluetooth_mgmt/lib.o
  LD      drivers/hsi/clients/built-in.o
  LD      drivers/hsi/controllers/built-in.o
  CC      lib/kstrtox.o
  LD      drivers/hsi/built-in.o
  CC      drivers/hwmon/hwmon.o
  CC      drivers/hwmon/abx500.o
  CC      lib/iomap_copy.o
  CC      net/bluetooth_mgmt/l2cap_core.o
  CC      lib/devres.o
  CC      drivers/hwmon/ab8500.o
  CC      lib/hweight.o
  CC      drivers/hwmon/dbx500.o
  CC      lib/bitrev.o
  CC      lib/crc-ccitt.o
  LD      drivers/hwmon/built-in.o
  CC      drivers/i2c/i2c-boardinfo.o
  CC      lib/crc16.o
  HOSTCC  lib/gen_crc32table
  CC      drivers/i2c/i2c-core.o
  CC      lib/crc7.o
  CC      lib/libcrc32c.o
  CC      lib/zlib_deflate/deflate.o
  CC      lib/zlib_deflate/deftree.o
  CC      drivers/i2c/i2c-dev.o
  CC      lib/zlib_deflate/deflate_syms.o
  CC      drivers/i2c/algos/i2c-algo-bit.o
  CC      net/bluetooth_mgmt/l2cap_sock.o
  LD      lib/zlib_deflate/zlib_deflate.o
  LD      lib/zlib_deflate/built-in.o
  CC      lib/zlib_inflate/inffast.o
  CC      lib/zlib_inflate/inflate.o
  LD      drivers/i2c/algos/built-in.o
  CC      drivers/i2c/busses/i2c-gpio.o
  CC      drivers/i2c/busses/i2c-nomadik.o
  CC      lib/zlib_inflate/infutil.o
  CC      net/bluetooth_mgmt/smp.o
  CC      lib/zlib_inflate/inftrees.o
  CC      lib/zlib_inflate/inflate_syms.o
  LD      lib/zlib_inflate/zlib_inflate.o
  LD      lib/zlib_inflate/built-in.o
  CC      lib/textsearch.o
  LD      drivers/i2c/busses/built-in.o
  LD      drivers/i2c/muxes/built-in.o
  LD      drivers/i2c/built-in.o
  LD      drivers/idle/built-in.o
  LD      drivers/ieee802154/built-in.o
  CC      drivers/input/input.o
  CC      lib/ts_kmp.o
  CC      net/bluetooth_mgmt/sco.o
  CC      lib/ts_bm.o
  CC      lib/ts_fsm.o
  CC      lib/percpu_counter.o
  CC      lib/dynamic_debug.o
  CC      drivers/input/input-compat.o
  CC      net/bluetooth_mgmt/bnep/core.o
  CC      drivers/input/input-mt.o
  CC      lib/nlattr.o
  CC      drivers/input/ff-core.o
  CC      net/bluetooth_mgmt/bnep/sock.o
  CC      drivers/input/evdev.o
  CC      lib/average.o
  CC      lib/cpu_rmap.o
  CC      net/bluetooth_mgmt/bnep/netdev.o
  CC      lib/argv_split.o
  CC      drivers/input/keyboard/gpio_keys.o
  CC      lib/cmdline.o
  LD      net/bluetooth_mgmt/bnep/bnep.o
  LD      net/bluetooth_mgmt/bnep/built-in.o
  CC      net/bluetooth_mgmt/hidp/core.o
  CC      lib/cpumask.o
  CC      lib/ctype.o
  CC      drivers/input/keyboard/cypress/cypress-touchkey.o
  CC      lib/dec_and_lock.o
  CC      lib/decompress.o
  CC      lib/decompress_inflate.o
  CC      lib/dump_stack.o
  CC      drivers/input/keyboard/cypress/issp_main.o
  CC      net/bluetooth_mgmt/hidp/sock.o
  CC      lib/extable.o
  CC      lib/find_next_bit.o
  CC      lib/idr.o
  CC      drivers/input/keyboard/cypress/issp_routines.o
  LD      net/bluetooth_mgmt/hidp/hidp.o
  LD      net/bluetooth_mgmt/hidp/built-in.o
  CC      net/bluetooth_mgmt/rfcomm/core.o
  CC      lib/int_sqrt.o
  CC      lib/ioremap.o
  CC      drivers/input/keyboard/cypress/issp_driver_routines.o
  CC      lib/irq_regs.o
  LD      drivers/input/keyboard/cypress/built-in.o
  LD      drivers/input/keyboard/built-in.o
  CC      drivers/input/misc/ab8500-ponkey.o
  CC      lib/is_single_threaded.o
  CC      lib/klist.o
  CC      drivers/input/misc/uinput.o
  CC      net/bluetooth_mgmt/rfcomm/sock.o
  CC      lib/kobject.o
  LD      drivers/input/misc/built-in.o
  CC      drivers/input/touchscreen/mxt224e.o
  CC      lib/kobject_uevent.o
  CC      net/bluetooth_mgmt/rfcomm/tty.o
  CC      lib/kref.o
  CC      lib/md5.o
  LD      drivers/input/touchscreen/built-in.o
  LD      drivers/input/input-core.o
  LD      drivers/input/built-in.o
  CC      drivers/input/serio/serio.o
  CC      lib/plist.o
  CC      lib/prio_heap.o
  CC      lib/prio_tree.o
  LD      net/bluetooth_mgmt/rfcomm/rfcomm.o
  LD      net/bluetooth_mgmt/rfcomm/built-in.o
  LD      net/bluetooth_mgmt/bluetooth.o
  LD      net/bluetooth_mgmt/built-in.o
  CC      net/caif/caif_dev.o
  CC      lib/proportions.o
  CC      drivers/input/serio/serport.o
  CC      lib/radix-tree.o
  CC      net/caif/cfcnfg.o
  LD      drivers/input/serio/built-in.o
  LD      drivers/interceptor/built-in.o
  CC [M]  drivers/interceptor/kernel_alloc.o
  CC      lib/ratelimit.o
  CC [M]  drivers/interceptor/kernel_encode.o
  CC      lib/rbtree.o
  CC      net/caif/cfmuxl.o
  CC [M]  drivers/interceptor/linux_hook_magic.o
  CC      lib/reciprocal_div.o
  CC      lib/rwsem-spinlock.o
  CC      net/caif/cfctrl.o
  CC      lib/sha1.o
  CC      lib/show_mem.o
  CC      net/caif/cffrml.o
  CC [M]  drivers/interceptor/linux_iface.o
  CC      lib/string.o
  CC      net/caif/cfveil.o
  CC      lib/timerqueue.o
  CC      net/caif/cfdbgl.o
  CC      net/caif/cfserl.o
  CC      lib/vsprintf.o
  CC      net/caif/cfdgml.o
  CC [M]  drivers/interceptor/linux_ip_glue.o
  CC      net/caif/cfrfml.o
  CC      net/caif/cfvidl.o
  CC      net/caif/cfutill.o
  CC      net/caif/cfsrvl.o
  CC      net/caif/cfpkt_skbuff.o
  GEN     lib/crc32table.h
  AR      lib/lib.a
  CC      lib/crc32.o
  CC [M]  drivers/interceptor/linux_ipm.o
  CC      net/caif/chnl_net.o
  LD      lib/built-in.o
  CC      net/caif/caif_socket.o
  CC [M]  drivers/interceptor/linux_kernel_alloc.o
  CC [M]  drivers/interceptor/linux_main.o
  LD      net/caif/caif.o
  LD      net/caif/built-in.o
  CC      net/core/sock.o
  CC [M]  drivers/interceptor/linux_usermode.o
  CC [M]  drivers/interceptor/linux_virtual_adapter.o
  CC      net/core/request_sock.o
  CC [M]  drivers/interceptor/linux_mutex.o
  CC      net/core/skbuff.o
  CC      net/core/iovec.o
  CC [M]  drivers/interceptor/linux_packet.o
  CC      net/core/datagram.o
  CC [M]  drivers/interceptor/linux_procfs.o
  CC [M]  drivers/interceptor/linux_route.o
  CC [M]  drivers/interceptor/sshinetbits.o
  CC      net/core/stream.o
  CC [M]  drivers/interceptor/sshinetencode.o
  CC [M]  drivers/interceptor/sshinetprint.o
  CC      net/core/scm.o
  CC [M]  drivers/interceptor/usermodeforwarder.o
  CC      net/core/gen_stats.o
  CC      net/core/gen_estimator.o
  CC      net/core/net_namespace.o
  LD [M]  drivers/interceptor/vpnclient.o
  CC      drivers/leds/led-core.o
  CC      drivers/leds/led-class.o
  CC      net/core/secure_seq.o
  CC      net/core/sysctl_net_core.o
  CC      drivers/leds/led-triggers.o
  CC      net/core/dev.o
  LD      drivers/leds/built-in.o
  LD      drivers/lguest/built-in.o
  LD      drivers/macintosh/built-in.o
  CC      drivers/md/dm-uevent.o
  CC      net/core/ethtool.o
  CC      drivers/md/dm.o
  CC      net/core/dev_addr_lists.o
  CC      drivers/md/dm-table.o
  CC      net/core/dst.o
  CC      drivers/md/dm-target.o
  CC      net/core/netevent.o
  CC      net/core/neighbour.o
  CC      drivers/md/dm-linear.o
  CC      net/core/rtnetlink.o
  CC      drivers/md/dm-stripe.o
  CC      drivers/md/dm-ioctl.o
  CC      net/core/utils.o
  CC      net/core/link_watch.o
  CC      drivers/md/dm-io.o
  CC      net/core/filter.o
  CC      net/core/flow.o
  CC      drivers/md/dm-kcopyd.o
  CC      net/core/net-sysfs.o
  CC      net/core/fib_rules.o
  CC      drivers/md/dm-sysfs.o
  CC      drivers/md/dm-crypt.o
  CC      net/core/net-traces.o
  LD      drivers/md/dm-mod.o
  LD      drivers/media/common/tuners/built-in.o
  LD      drivers/media/common/built-in.o
  LD      drivers/media/radio/built-in.o
  LD      drivers/media/rc/keymaps/built-in.o
  LD      drivers/media/rc/built-in.o
  CC      drivers/media/video/v4l2-dev.o
  LD      drivers/md/built-in.o
  CC      drivers/mfd/stmpe.o
  LD      net/core/built-in.o
  CC      net/ethernet/eth.o
  CC      drivers/media/video/v4l2-ioctl.o
  CC      drivers/mfd/stmpe-i2c.o
  CC      drivers/mfd/mfd-core.o
  LD      net/ethernet/built-in.o
  CC      net/ipv4/route.o
  CC      drivers/mfd/abx500-core.o
  CC      drivers/mfd/ab8500-core.o
  CC      drivers/mfd/ab8500-sysctrl.o
  CC      drivers/media/video/v4l2-device.o
  CC      drivers/mfd/ab8500-debugfs.o
  CC      drivers/media/video/v4l2-fh.o
  CC      net/ipv4/inetpeer.o
  CC      drivers/media/video/v4l2-event.o
  CC      drivers/mfd/ab8500-gpadc.o
  CC      drivers/media/video/v4l2-ctrls.o
  CC      net/ipv4/protocol.o
  CC      drivers/mfd/dbx500-prcmu.o
  CC      net/ipv4/ip_input.o
  CC      drivers/media/video/v4l2-subdev.o
  CC      drivers/mfd/db8500-prcmu.o
  CC      drivers/media/video/v4l2-int-device.o
  CC      net/ipv4/ip_fragment.o
  CC      drivers/media/video/v4l2-common.o
  LD      drivers/media/video/davinci/built-in.o
  LD      drivers/media/video/videodev.o
  LD      drivers/media/video/built-in.o
  LD      drivers/media/built-in.o
  CC      net/ipv4/ip_forward.o
  CC      net/ipv4/ip_options.o
  CC      net/ipv4/ip_output.o
  CC      net/ipv4/ip_sockglue.o
  CC      drivers/mfd/dbx540-prcmu.o
  CC      net/ipv4/inet_hashtables.o
  CC      net/ipv4/inet_timewait_sock.o
  CC      net/ipv4/inet_connection_sock.o
  CC      net/ipv4/tcp.o
  CC      drivers/mfd/ab8500-i2c.o
  LD      drivers/mfd/built-in.o
  CC      drivers/misc/pmem.o
  CC      net/ipv4/tcp_input.o
  CC      drivers/misc/uid_stat.o
  LD      drivers/misc/carma/built-in.o
  LD      drivers/misc/cb710/built-in.o
  CC      drivers/misc/clonedev/clonedev.o
  CC      net/ipv4/tcp_output.o
  LD      drivers/misc/clonedev/built-in.o
  CC      drivers/misc/compdev/compdev.o
  CC      drivers/misc/compdev/compdev_util.o
  LD      drivers/misc/compdev/built-in.o
  LD      drivers/misc/eeprom/built-in.o
  CC      drivers/misc/hwmem/hwmem-main.o
  CC      net/ipv4/tcp_timer.o
  CC      net/ipv4/tcp_ipv4.o
  CC      drivers/misc/hwmem/hwmem-ioctl.o
  CC      drivers/misc/hwmem/cache_handler.o
  CC      net/ipv4/tcp_minisocks.o
  CC      drivers/misc/hwmem/contig_alloc.o
  CC      drivers/misc/hwmem/scatt_alloc.o
  LD      drivers/misc/hwmem/hwmem.o
  LD      drivers/misc/hwmem/built-in.o
  LD      drivers/misc/lis3lv02d/built-in.o
  LD      drivers/misc/modem_audio/built-in.o
  LD      drivers/misc/ti-st/built-in.o
  CC      drivers/misc/tspdrv/tspdrv.o
  CC      net/ipv4/tcp_cong.o
  CC      net/ipv4/datagram.o
  CC      drivers/misc/tspdrv/ImmVibeSPI.o
  LD      drivers/misc/tspdrv/vibrator.o
  LD      drivers/misc/tspdrv/built-in.o
  CC      drivers/misc/ab8500-pwm.o
  CC      net/ipv4/raw.o
  CC      net/ipv4/udp.o
  CC      drivers/misc/db8500-modem-trace.o
  CC      drivers/misc/dbx500-mloader.o
  CC      net/ipv4/udplite.o
  CC      drivers/misc/fsa880.o
  CC      net/ipv4/arp.o
  CC      drivers/misc/sec_jack.o
  CC      net/ipv4/icmp.o
  LD      drivers/misc/built-in.o
  CC      drivers/mmc/card/block.o
  CC      net/ipv4/devinet.o
  CC      net/ipv4/af_inet.o
  CC      drivers/mmc/card/queue.o
  LD      drivers/mmc/card/mmc_block.o
  LD      drivers/mmc/card/built-in.o
  CC      drivers/mmc/core/core.o
  CC      net/ipv4/igmp.o
  CC      net/ipv4/fib_frontend.o
  CC      drivers/mmc/core/bus.o
  CC      net/ipv4/fib_semantics.o
  CC      drivers/mmc/core/host.o
  CC      net/ipv4/fib_trie.o
  CC      drivers/mmc/core/mmc.o
  CC      net/ipv4/inet_fragment.o
  CC      net/ipv4/ping.o
  CC      drivers/mmc/core/mmc_ops.o
  CC      net/ipv4/sysctl_net_ipv4.o
  CC      drivers/mmc/core/sd.o
  CC      net/ipv4/sysfs_net_ipv4.o
  CC      net/ipv4/proc.o
  CC      drivers/mmc/core/sd_ops.o
  CC      net/ipv4/fib_rules.o
  CC      net/ipv4/esp4.o
  CC      drivers/mmc/core/sdio.o
  CC      net/ipv4/tunnel4.o
  CC      net/ipv4/xfrm4_mode_transport.o
  CC      drivers/mmc/core/sdio_ops.o
  CC      net/ipv4/xfrm4_mode_tunnel.o
  CC      drivers/mmc/core/sdio_bus.o
  CC      net/ipv4/netfilter.o
  CC      net/ipv4/netfilter/nf_nat_rule.o
  CC      drivers/mmc/core/sdio_cis.o
  CC      net/ipv4/inet_diag.o
  CC      drivers/mmc/core/sdio_io.o
  CC      net/ipv4/netfilter/nf_nat_standalone.o
  CC      drivers/mmc/core/sdio_irq.o
  CC      net/ipv4/netfilter/nf_conntrack_l3proto_ipv4_compat.o
  CC      drivers/mmc/core/quirks.o
  CC      net/ipv4/tcp_diag.o
  CC      drivers/mmc/core/cd-gpio.o
  CC      net/ipv4/netfilter/nf_conntrack_l3proto_ipv4.o
  CC      net/ipv4/tcp_cubic.o
  CC      drivers/mmc/core/debugfs.o
  LD      drivers/mmc/core/mmc_core.o
  LD      drivers/mmc/core/built-in.o
  CC      drivers/mmc/host/mmci.o
  CC      net/ipv4/netfilter/nf_conntrack_proto_icmp.o
  CC      net/ipv4/xfrm4_policy.o
  CC      net/ipv4/netfilter/nf_nat_core.o
  CC      net/ipv4/xfrm4_state.o
  LD      drivers/mmc/host/built-in.o
  LD      drivers/mmc/built-in.o
  CC      drivers/modem/modem_access.o
  CC      net/ipv4/xfrm4_input.o
  CC      drivers/modem/modem_u8500.o
  CC      net/ipv4/netfilter/nf_nat_helper.o
  CC      drivers/modem/shrm/modem_shrm_driver.o
  CC      net/ipv4/xfrm4_output.o
  CC      drivers/modem/shrm/shrm_fifo.o
  CC      net/ipv4/netfilter/nf_nat_proto_unknown.o
  CC      net/ipv4/netfilter/nf_nat_proto_common.o
  CC      net/ipv4/netfilter/nf_nat_proto_tcp.o
  CC      drivers/modem/shrm/shrm_protocol.o
  CC      net/ipv4/netfilter/nf_nat_proto_udp.o
  CC      net/ipv4/netfilter/nf_nat_proto_icmp.o
  CC      net/ipv4/netfilter/nf_defrag_ipv4.o
  CC      net/ipv4/netfilter/nf_nat_amanda.o
  LD      drivers/modem/shrm/u8500_shrm.o
  LD      drivers/modem/shrm/built-in.o
  LD      drivers/modem/built-in.o
  CC      drivers/net/mii.o
  CC      net/ipv4/netfilter/nf_nat_ftp.o
  CC      net/ipv4/netfilter/nf_nat_h323.o
  LD      drivers/net/arm/built-in.o
  LD      drivers/net/caif/built-in.o
  CC      drivers/net/phy/phy.o
  CC      net/ipv4/netfilter/nf_nat_irc.o
  CC      net/ipv4/netfilter/nf_nat_pptp.o
  CC      net/ipv4/netfilter/nf_nat_sip.o
  CC      drivers/net/phy/phy_device.o
  CC      net/ipv4/netfilter/nf_nat_tftp.o
  CC      net/ipv4/netfilter/nf_nat_proto_dccp.o
  CC      drivers/net/phy/mdio_bus.o
  CC      net/ipv4/netfilter/nf_nat_proto_gre.o
  CC      net/ipv4/netfilter/nf_nat_proto_udplite.o
  CC      drivers/net/phy/smsc.o
  CC      net/ipv4/netfilter/nf_nat_proto_sctp.o
  LD      drivers/net/phy/libphy.o
  LD      drivers/net/phy/built-in.o
  CC      net/ipv4/netfilter/ip_tables.o
  LD      drivers/net/wireless/bcmdhd/built-in.o
  CC [M]  drivers/net/wireless/bcmdhd/bcmsdh.o
  CC      net/ipv4/netfilter/iptable_filter.o
  CC [M]  drivers/net/wireless/bcmdhd/bcmsdh_linux.o
  CC      net/ipv4/netfilter/iptable_mangle.o
  LD      net/ipv4/netfilter/iptable_nat.o
  CC      net/ipv4/netfilter/iptable_raw.o
  CC      net/ipv4/netfilter/ipt_ah.o
  CC [M]  drivers/net/wireless/bcmdhd/bcmsdh_sdmmc.o
  CC      net/ipv4/netfilter/ipt_ecn.o
  CC      net/ipv4/netfilter/ipt_LOG.o
  CC      net/ipv4/netfilter/ipt_MASQUERADE.o
  CC [M]  drivers/net/wireless/bcmdhd/bcmsdh_sdmmc_linux.o
  CC      net/ipv4/netfilter/ipt_NETMAP.o
  CC      net/ipv4/netfilter/ipt_REDIRECT.o
  CC [M]  drivers/net/wireless/bcmdhd/dhd_cdc.o
  CC      net/ipv4/netfilter/ipt_REJECT.o
  CC      net/ipv4/netfilter/arp_tables.o
  CC      net/ipv4/netfilter/arpt_mangle.o
  CC [M]  drivers/net/wireless/bcmdhd/dhd_common.o
  CC      net/ipv4/netfilter/arptable_filter.o
  LD      net/ipv4/netfilter/nf_conntrack_ipv4.o
  LD      net/ipv4/netfilter/nf_nat.o
  CC [M]  drivers/net/wireless/bcmdhd/dhd_custom_gpio.o
  LD      net/ipv4/netfilter/built-in.o
  LD      net/ipv4/built-in.o
  CC      net/ipv6/af_inet6.o
  CC [M]  drivers/net/wireless/bcmdhd/dhd_custom_sec.o
  CC [M]  drivers/net/wireless/bcmdhd/dhd_linux.o
  CC [M]  drivers/net/wireless/bcmdhd/dhd_linux_sched.o
  CC      net/ipv6/anycast.o
  CC [M]  drivers/net/wireless/bcmdhd/dhd_cfg80211.o
  CC      net/ipv6/ip6_output.o
  CC [M]  drivers/net/wireless/bcmdhd/dhd_sdio.o
  CC [M]  drivers/net/wireless/bcmdhd/aiutils.o
  CC [M]  drivers/net/wireless/bcmdhd/bcmevent.o
  CC [M]  drivers/net/wireless/bcmdhd/bcmutils.o
  CC      net/ipv6/ip6_input.o
  CC      net/ipv6/addrconf.o
  CC [M]  drivers/net/wireless/bcmdhd/bcmwifi_channels.o
  CC [M]  drivers/net/wireless/bcmdhd/hndpmu.o
  CC [M]  drivers/net/wireless/bcmdhd/linux_osl.o
  CC [M]  drivers/net/wireless/bcmdhd/sbutils.o
  CC [M]  drivers/net/wireless/bcmdhd/siutils.o
  CC [M]  drivers/net/wireless/bcmdhd/wl_android.o
  CC      net/ipv6/addrlabel.o
  CC [M]  drivers/net/wireless/bcmdhd/wl_cfg80211.o
  LD      drivers/nfc/built-in.o
  CC      drivers/phone_svn/svnet/main.o
  CC      net/ipv6/route.o
  CC      drivers/phone_svn/svnet/pdp.o
  CC      drivers/phone_svn/svnet/sipc4.o
  CC      net/ipv6/ip6_fib.o
  LD      drivers/phone_svn/svnet/svnet.o
  LD      drivers/phone_svn/svnet/built-in.o
  LD      drivers/phone_svn/built-in.o
  LD      drivers/platform/built-in.o
  CC      drivers/power/power_supply_core.o
  CC      drivers/power/power_supply_sysfs.o
  CC      drivers/power/power_supply_leds.o
  CC      net/ipv6/ipv6_sockglue.o
  CC      drivers/power/abb_charger.o
  CC      net/ipv6/ndisc.o
  CC      drivers/power/abb_fg.o
  CC      drivers/power/abb_btemp.o
  CC      net/ipv6/udp.o
  CC [M]  drivers/net/wireless/bcmdhd/wl_cfgp2p.o
  CC      drivers/power/abb_chargalg.o
  CC      drivers/power/abb_links.o
  CC      net/ipv6/udplite.o
  CC [M]  drivers/net/wireless/bcmdhd/wldev_common.o
  LD      drivers/power/power_supply.o
  LD      drivers/power/built-in.o
  CC      drivers/regulator/core.o
  CC      net/ipv6/raw.o
  CC [M]  drivers/net/wireless/bcmdhd/wl_linux_mon.o
  CC [M]  drivers/net/wireless/bcmdhd/wl_roam.o
  CC      net/ipv6/protocol.o
  LD [M]  drivers/net/wireless/bcmdhd/dhd.o
  LD      drivers/net/wireless/built-in.o
  CC      drivers/net/Space.o
  CC      drivers/regulator/dummy.o
  CC      drivers/net/loopback.o
  CC      drivers/regulator/virtual.o
  CC      net/ipv6/icmp.o
  CC      drivers/regulator/panic_core.o
  CC      drivers/net/ppp_generic.o
  CC      drivers/regulator/ab8500.o
  CC      net/ipv6/mcast.o
  CC      drivers/regulator/ab8500-ext.o
  CC      drivers/regulator/dbx500-prcmu.o
  CC      drivers/net/ppp_async.o
  CC      drivers/regulator/db8500-prcmu.o
  CC      drivers/net/ppp_mppe.o
  CC      drivers/regulator/ab8500-debug.o
  CC      net/ipv6/reassembly.o
  CC      drivers/net/pppox.o
  LD      drivers/regulator/built-in.o
  CC      drivers/rtc/rtc-lib.o
  CC      drivers/net/pppolac.o
  CC      drivers/rtc/hctosys.o
  CC      drivers/rtc/class.o
  CC      net/ipv6/tcp_ipv6.o
  CC      drivers/net/pppopns.o
  CC      drivers/rtc/interface.o
  CC      drivers/net/slhc.o
  CC      drivers/rtc/rtc-dev.o
  CC      net/ipv6/exthdrs.o
  CC      drivers/rtc/rtc-proc.o
  CC      drivers/rtc/rtc-sysfs.o
  CC      drivers/net/tun.o
  CC      drivers/rtc/alarm.o
  CC      net/ipv6/datagram.o
  CC      drivers/rtc/alarm-dev.o
  CC      drivers/rtc/rtc-ab8500.o
  CC      drivers/net/smsc911x.o
  CC      net/ipv6/ip6_flowlabel.o
  CC      drivers/rtc/rtc-pl031.o
  LD      drivers/rtc/rtc-core.o
  LD      drivers/rtc/built-in.o
  LD      drivers/samsung/j4fs/built-in.o
  CC [M]  drivers/samsung/j4fs/j4fs_kernel.o
  CC      net/ipv6/inet6_connection_sock.o
  CC      drivers/net/u8500_shrm.o
  CC [M]  drivers/samsung/j4fs/llid_kernel.o
  CC [M]  drivers/samsung/j4fs/fsd_common.o
  CC      net/ipv6/sysctl_net_ipv6.o
  LD      drivers/net/built-in.o
  CC      drivers/scsi/scsi.o
  CC      net/ipv6/xfrm6_policy.o
  LD [M]  drivers/samsung/j4fs/j4fs.o
  LD      drivers/samsung/param/built-in.o
  CC [M]  drivers/samsung/param/param.o
  CC      net/ipv6/xfrm6_state.o
  CC      drivers/scsi/hosts.o
  CC      drivers/samsung/startup_reason/startup_reason.o
  CC      drivers/samsung/startup_reason/ab8500_startup_reason.o
  CC      net/ipv6/xfrm6_input.o
  CC      drivers/scsi/scsi_ioctl.o
  LD      drivers/samsung/startup_reason/built-in.o
  LD      drivers/samsung/built-in.o
  CC      drivers/sensor/compass/yas_mag_kernel_driver.o
  CC      drivers/scsi/constants.o
  CC      net/ipv6/xfrm6_output.o
  CC      drivers/scsi/scsicam.o
  CC      net/ipv6/netfilter.o
  CC      drivers/scsi/scsi_error.o
  LD      drivers/sensor/compass/built-in.o
  CC      drivers/sensor/mpu3050/mpuirq.o
  CC      net/ipv6/fib6_rules.o
  CC      drivers/sensor/mpu3050/slaveirq.o
  CC      drivers/sensor/mpu3050/mpu-dev.o
  CC      drivers/scsi/scsi_lib.o
  CC      net/ipv6/proc.o
  CC      net/ipv6/ah6.o
  CC      drivers/sensor/mpu3050/mpu-i2c.o
  CC      drivers/sensor/mpu3050/mlsl-kernel.o
  CC      drivers/scsi/scsi_lib_dma.o
  CC      net/ipv6/esp6.o
  CC      drivers/sensor/mpu3050/mlos-kernel.o
  CC      drivers/scsi/scsi_scan.o
  CC      drivers/sensor/mpu3050/mpu-accel.o
  CC      drivers/sensor/mpu3050/mldl_cfg.o
  CC      net/ipv6/ipcomp6.o
  CC      drivers/scsi/scsi_sysfs.o
  CC      drivers/sensor/mpu3050/accel/bma222.o
  CC      net/ipv6/xfrm6_tunnel.o
  CC      drivers/sensor/mpu3050/timerirq.o
  LD      drivers/sensor/mpu3050/mpu3050.o
  LD      drivers/sensor/mpu3050/built-in.o
  CC      drivers/sensor/orientation/yas_ori_kernel_driver.o
  CC      drivers/scsi/scsi_devinfo.o
  CC      net/ipv6/tunnel6.o
  LD      drivers/sensor/orientation/built-in.o
  CC      drivers/sensor/proximity/gp2a_light_prox.o
  CC      drivers/scsi/scsi_sysctl.o
  CC      net/ipv6/xfrm6_mode_transport.o
  CC      drivers/scsi/scsi_proc.o
  LD      drivers/sensor/proximity/built-in.o
  CC      drivers/sensor/sensors_core.o
  LD      drivers/sensor/built-in.o
  CC      drivers/spi/spi.o
  CC      drivers/scsi/scsi_trace.o
  CC      net/ipv6/xfrm6_mode_tunnel.o
  CC      drivers/spi/spi_bitbang.o
  CC      drivers/scsi/scsi_pm.o
  CC      net/ipv6/xfrm6_mode_beet.o
  CC      drivers/spi/spi_gpio.o
  CC      drivers/scsi/sd.o
  LD      drivers/spi/built-in.o
  CC      drivers/staging/staging.o
  CC      net/ipv6/mip6.o
  CC      drivers/staging/android/binder.o
  CC      net/ipv6/netfilter/ip6_tables.o
  LD      drivers/scsi/arm/built-in.o
  LD      drivers/scsi/sd_mod.o
  CC [M]  drivers/scsi/scsi_wait_scan.o
  LD      drivers/scsi/scsi_mod.o
  LD      drivers/scsi/built-in.o
  CC      drivers/switch/switch_class.o
  LD      drivers/switch/built-in.o
  CC      net/ipv6/netfilter/ip6table_filter.o
  CC      drivers/tee/tee_service.o
  CC      drivers/tee/tee_driver.o
  CC      drivers/staging/android/logger.o
  CC      net/ipv6/netfilter/ip6table_mangle.o
  LD      drivers/tee/built-in.o
  CC      drivers/tty/tty_io.o
  CC      drivers/staging/android/ram_console.o
  CC      drivers/staging/android/timed_output.o
  CC      net/ipv6/netfilter/ip6table_raw.o
  CC      drivers/staging/android/timed_gpio.o
  CC      net/ipv6/netfilter/nf_conntrack_l3proto_ipv6.o
  CC      drivers/staging/android/lowmemorykiller.o
  LD      drivers/staging/android/built-in.o
  LD      drivers/staging/generic_serial/built-in.o
  CC      drivers/staging/mmio/st_mmio.o
  CC      drivers/tty/n_tty.o
  CC      net/ipv6/netfilter/nf_conntrack_proto_icmpv6.o
  CC      net/ipv6/netfilter/nf_defrag_ipv6_hooks.o
  CC      drivers/staging/mmio/st_mmio_common.o
  CC      drivers/staging/mmio/st_mmio_raw.o
  CC      drivers/tty/tty_ioctl.o
  CC      net/ipv6/netfilter/nf_conntrack_reasm.o
  CC      drivers/staging/mmio/st_mmio_yuv.o
  CC      drivers/tty/tty_ldisc.o
  CC      drivers/staging/mmio/subpmic_ncp6914.o
  CC      net/ipv6/netfilter/ip6t_LOG.o
  CC      drivers/staging/mmio/subpmic_sm5103.o
  CC      drivers/tty/tty_buffer.o
  LD      drivers/staging/mmio/built-in.o
  CC      drivers/staging/nmf-cm/cm/engine/power_mgt/src/cmpower.o
  CC      drivers/staging/nmf-cm/cm/engine/semaphores/hw_semaphores/src/hw_semaphores.o
  CC      drivers/staging/nmf-cm/cm/engine/semaphores/src/semaphores.o
  CC      net/ipv6/netfilter/ip6t_REJECT.o
  CC      drivers/staging/nmf-cm/cm/engine/component/src/loader.o
  CC      drivers/tty/tty_port.o
  CC      drivers/staging/nmf-cm/cm/engine/component/src/initializer.o
  CC      drivers/staging/nmf-cm/cm/engine/component/src/instantiater.o
  CC      drivers/tty/tty_mutex.o
  LD      net/ipv6/netfilter/nf_conntrack_ipv6.o
  LD      net/ipv6/netfilter/nf_defrag_ipv6.o
  LD      net/ipv6/netfilter/built-in.o
  CC      net/ipv6/sit.o
  CC      drivers/staging/nmf-cm/cm/engine/component/src/introspection.o
  CC      drivers/tty/pty.o
  CC      drivers/staging/nmf-cm/cm/engine/component/src/binder.o
  CC      drivers/tty/sysrq.o
  CC      drivers/staging/nmf-cm/cm/engine/component/src/binder_check.o
  CC      drivers/staging/nmf-cm/cm/engine/component/src/dspevent.o
  CC      drivers/staging/nmf-cm/cm/engine/component/src/component_wrapper.o
  CC      net/ipv6/ip6_tunnel.o
  CC      drivers/staging/nmf-cm/cm/engine/communication/fifo/src/nmf_fifo_arm.o
  LD      drivers/tty/ipwireless/built-in.o
  CC      drivers/tty/serial/serial_core.o
  CC      drivers/staging/nmf-cm/cm/engine/communication/src/communication.o
  CC      drivers/staging/nmf-cm/cm/engine/elf/src/elfmmdsp.o
  CC      drivers/staging/nmf-cm/cm/engine/elf/src/mpcal.o
  CC      drivers/staging/nmf-cm/cm/engine/elf/src/elf64.o
  CC      drivers/staging/nmf-cm/cm/engine/elf/src/elfload.o
  CC      net/ipv6/addrconf_core.o
  CC      drivers/staging/nmf-cm/cm/engine/elf/src/mmdsp-debug.o
  CC      drivers/tty/serial/amba-pl011.o
  CC      drivers/staging/nmf-cm/cm/engine/elf/src/elfrelocate.o
  CC      drivers/staging/nmf-cm/cm/engine/configuration/src/configuration_wrapper.o
  CC      net/ipv6/exthdrs_core.o
  CC      drivers/staging/nmf-cm/cm/engine/configuration/src/configuration.o
  CC      drivers/staging/nmf-cm/cm/engine/trace/src/trace.o
  CC      drivers/staging/nmf-cm/cm/engine/trace/src/panic.o
  CC      drivers/staging/nmf-cm/cm/engine/repository_mgt/src/repository_mgt.o
  CC      drivers/staging/nmf-cm/cm/engine/dsp/src/dsp.o
  CC      net/ipv6/inet6_hashtables.o
  CC      drivers/tty/serial/kgdboc.o
  CC      drivers/staging/nmf-cm/cm/engine/utils/src/swap.o
  CC      drivers/staging/nmf-cm/cm/engine/utils/src/string.o
  CC      drivers/staging/nmf-cm/cm/engine/utils/src/convert.o
  CC      drivers/staging/nmf-cm/cm/engine/utils/src/mem.o
  CC      drivers/staging/nmf-cm/cm/engine/utils/src/table.o
  LD      drivers/tty/serial/built-in.o
  CC      drivers/tty/vt/vt_ioctl.o
  CC      drivers/staging/nmf-cm/cm/engine/memory/src/chunk_mgr.o
  CC      drivers/staging/nmf-cm/cm/engine/memory/src/remote_allocator.o
  LD      net/ipv6/ipv6.o
  LD      net/ipv6/built-in.o
  CC      net/key/af_key.o
  CC      drivers/staging/nmf-cm/cm/engine/memory/src/migration.o
  CC      drivers/staging/nmf-cm/cm/engine/memory/src/memory_wrapper.o
  CC      drivers/staging/nmf-cm/cm/engine/memory/src/domain.o
  CC      drivers/staging/nmf-cm/cm/engine/memory/src/domain_wrapper.o
  CC      drivers/staging/nmf-cm/cm/engine/memory/src/remote_allocator_utils.o
  CC      drivers/staging/nmf-cm/cm/engine/perfmeter/src/mpcload.o
  CC      drivers/tty/vt/vc_screen.o
  CC      drivers/staging/nmf-cm/cm/engine/executive_engine_mgt/src/executive_engine_mgt.o
  CC      drivers/staging/nmf-cm/cm/engine/os_adaptation_layer/src/os_adaptation_layer.o
  CC      drivers/staging/nmf-cm/cmld.o
  CC      drivers/tty/vt/selection.o
  CC      drivers/tty/vt/keyboard.o
  LD      net/key/built-in.o
  CC      net/netfilter/core.o
  CC      drivers/staging/nmf-cm/cm_syscall.o
  CC      net/netfilter/nf_log.o
  CC      drivers/tty/vt/consolemap.o
  CC      drivers/staging/nmf-cm/osal-kernel.o
  CONMK   drivers/tty/vt/consolemap_deftbl.c
  CC      drivers/tty/vt/vt.o
  CC      net/netfilter/nf_queue.o
  CC      drivers/staging/nmf-cm/cm_service.o
  CC      drivers/staging/nmf-cm/cm_debug.o
  CC      net/netfilter/nf_sockopt.o
  CC      drivers/staging/nmf-cm/configuration.o
  CC      net/netfilter/nf_conntrack_core.o
  CC      drivers/staging/nmf-cm/cm_dma.o
  LD      drivers/staging/nmf-cm/cm.o
  LD      drivers/staging/nmf-cm/built-in.o
  LD      drivers/staging/pasr/built-in.o
  LD      drivers/staging/tty/built-in.o
  LD      drivers/staging/built-in.o
  CC      drivers/usb/class/cdc-acm.o
  SHIPPED drivers/tty/vt/defkeymap.c
  CC      drivers/tty/vt/consolemap_deftbl.o
  CC      drivers/tty/vt/defkeymap.o
  LD      drivers/tty/vt/built-in.o
  LD      drivers/tty/built-in.o
  CC      drivers/video/fb_notify.o
  CC      drivers/video/fbmem.o
  CC      net/netfilter/nf_conntrack_standalone.o
  LD      drivers/usb/class/built-in.o
  CC      drivers/usb/core/usb.o
  CC      drivers/usb/core/hub.o
  CC      net/netfilter/nf_conntrack_expect.o
  CC      drivers/video/fbmon.o
  CC      drivers/video/fbcmap.o
  CC      net/netfilter/nf_conntrack_helper.o
  CC      drivers/video/fbsysfs.o
  CC      net/netfilter/nf_conntrack_proto.o
  CC      drivers/video/modedb.o
  CC      drivers/usb/core/hcd.o
  CC      net/netfilter/nf_conntrack_l3proto_generic.o
  CC      drivers/video/fbcvt.o
  CC      drivers/video/b2r2/b2r2_api.o
  CC      net/netfilter/nf_conntrack_proto_generic.o
  CC      drivers/usb/core/urb.o
  CC      net/netfilter/nf_conntrack_proto_tcp.o
  CC      drivers/usb/core/message.o
  CC      drivers/video/b2r2/b2r2_blt_main.o
  CC      net/netfilter/nf_conntrack_proto_udp.o
  CC      drivers/usb/core/driver.o
  CC      drivers/video/b2r2/b2r2_core.o
  CC      net/netfilter/nf_conntrack_extend.o
  CC      drivers/usb/core/config.o
  CC      net/netfilter/nf_conntrack_acct.o
  CC      drivers/video/b2r2/b2r2_mem_alloc.o
  CC      drivers/usb/core/file.o
  CC      net/netfilter/nf_conntrack_ecache.o
  CC      drivers/video/b2r2/b2r2_generic.o
  CC      drivers/usb/core/buffer.o
  CC      net/netfilter/nf_conntrack_h323_main.o
  CC      drivers/usb/core/sysfs.o
  CC      drivers/video/b2r2/b2r2_node_gen.o
  CC      drivers/usb/core/endpoint.o
  CC      drivers/video/b2r2/b2r2_node_split.o
  CC      drivers/usb/core/devio.o
  CC      net/netfilter/nf_conntrack_h323_asn1.o
  CC      drivers/video/b2r2/b2r2_profiler_socket.o
  CC      net/netfilter/nfnetlink.o
  CC      drivers/video/b2r2/b2r2_timing.o
  CC      drivers/video/b2r2/b2r2_filters.o
  CC      drivers/usb/core/notify.o
  CC      drivers/video/b2r2/b2r2_utils.o
  CC      net/netfilter/nfnetlink_queue.o
  CC      drivers/usb/core/generic.o
  CC      drivers/usb/core/quirks.o
  CC      drivers/video/b2r2/b2r2_input_validation.o
  CC      drivers/usb/core/devices.o
  CC      net/netfilter/nfnetlink_log.o
  CC      drivers/video/b2r2/b2r2_hw_convert.o
  LD      drivers/video/b2r2/b2r2.o
  LD      drivers/video/b2r2/built-in.o
  CC      drivers/video/backlight/lcd.o
  CC      drivers/usb/core/inode.o
  CC      drivers/video/backlight/backlight.o
  LD      net/netfilter/nf_conntrack.o
  CC      net/netfilter/nf_conntrack_proto_dccp.o
  LD      drivers/usb/core/usbcore.o
  LD      drivers/usb/core/built-in.o
  CC      drivers/usb/gadget/android.o
  CC      drivers/video/backlight/generic_bl.o
  CC      net/netfilter/nf_conntrack_proto_gre.o
  LD      drivers/video/backlight/built-in.o
  CC      drivers/video/console/dummycon.o
  LD      drivers/video/console/built-in.o
  LD      drivers/video/display/built-in.o
  CC      drivers/video/mcde/mcde_mod.o
  CC      net/netfilter/nf_conntrack_proto_sctp.o
  CC      drivers/video/mcde/mcde_hw.o
  CC      net/netfilter/nf_conntrack_proto_udplite.o
  CC      net/netfilter/nf_conntrack_netlink.o
  CC      net/netfilter/nf_conntrack_amanda.o
  CC      drivers/video/mcde/mcde_dss.o
  CC      drivers/video/mcde/mcde_display.o
  CC      net/netfilter/nf_conntrack_ftp.o
  CC      drivers/video/mcde/mcde_bus.o
  CC      drivers/video/mcde/mcde_fb.o
  LD      net/netfilter/nf_conntrack_h323.o
  CC      net/netfilter/nf_conntrack_irc.o
  CC      drivers/video/mcde/mcde_debugfs.o
  CC      net/netfilter/nf_conntrack_broadcast.o
  CC      drivers/usb/gadget/multi_config.o
  LD      drivers/usb/gadget/g_android.o
  LD      drivers/usb/gadget/built-in.o
  LD      drivers/usb/misc/built-in.o
  CC      drivers/usb/mon/mon_main.o
  CC      drivers/video/mcde/dsilink.o
  CC      net/netfilter/nf_conntrack_netbios_ns.o
  CC      drivers/usb/mon/mon_stat.o
  CC      drivers/video/mcde/dsilink_v2.o
  CC      net/netfilter/nf_conntrack_pptp.o
  CC      drivers/usb/mon/mon_text.o
  CC      drivers/video/mcde/dsilink_v3.o
  CC      drivers/usb/mon/mon_bin.o
  CC      net/netfilter/nf_conntrack_sane.o
  CC      drivers/video/mcde/dsilink_debugfs.o
  CC      net/netfilter/nf_conntrack_sip.o
  LD      drivers/usb/mon/usbmon.o
  LD      drivers/usb/mon/built-in.o
  CC      drivers/usb/musb/musb_core.o
  CC      drivers/video/mcde/display-s6e63m0.o
  CC      drivers/video/mcde/smart_mtp_s6e63m0.o
  CC      drivers/usb/musb/musb_gadget_ep0.o
  CC      net/netfilter/nf_conntrack_tftp.o
  CC      drivers/usb/musb/musb_gadget.o
  LD      drivers/video/mcde/mcde.o
  LD      drivers/video/mcde/built-in.o
  LD      drivers/video/omap2/displays/built-in.o
  LD      drivers/video/omap2/built-in.o
  CC      drivers/video/sysfillrect.o
  CC      net/netfilter/nf_tproxy_core.o
  CC      drivers/video/syscopyarea.o
  CC      net/netfilter/x_tables.o
  CC      drivers/usb/musb/musb_virthub.o
  CC      drivers/video/sysimgblt.o
  CC      drivers/usb/musb/musb_host.o
  CC      drivers/video/fb_sys_fops.o
  LD      drivers/video/fb.o
  CC      net/netfilter/xt_tcpudp.o
  LD      drivers/video/built-in.o
  CC      drivers/watchdog/ux500_wdt.o
  LD      drivers/watchdog/built-in.o
  CC      drivers/usb/musb/musb_debugfs.o
  CC      net/netlink/af_netlink.o
  CC      net/netfilter/xt_mark.o
  CC      drivers/usb/musb/ux500_dma.o
  CC      net/netfilter/xt_connmark.o
  CC      drivers/usb/musb/ux500.o
  CC      net/netfilter/xt_CLASSIFY.o
  CC      net/netfilter/xt_NFLOG.o
  CC      net/netlink/genetlink.o
  LD      drivers/usb/musb/musb_hdrc.o
  LD      drivers/usb/musb/built-in.o
  CC      drivers/usb/otg/otg.o
  CC      drivers/usb/otg/otg_id.o
  CC      net/netfilter/xt_NFQUEUE.o
  CC      drivers/usb/otg/ab8500-usb.o
  CC      net/netfilter/xt_TPROXY.o
  LD      net/netlink/built-in.o
  CC      net/packet/af_packet.o
  LD      drivers/usb/otg/built-in.o
  CC      drivers/usb/storage/libusual.o
  CC      drivers/usb/storage/usual-tables.o
  CC      net/netfilter/xt_TCPMSS.o
  CC      drivers/usb/storage/scsiglue.o
  CC      net/netfilter/xt_TRACE.o
  LD      net/packet/built-in.o
  CC      net/phonet/pn_dev.o
  CC      drivers/usb/storage/protocol.o
  CC      net/netfilter/xt_comment.o
  CC      drivers/usb/storage/transport.o
  CC      net/netfilter/xt_connbytes.o
  CC      net/phonet/pn_netlink.o
  CC      net/netfilter/xt_connlimit.o
  CC      net/phonet/socket.o
  CC      drivers/usb/storage/usb.o
  CC      net/netfilter/xt_conntrack.o
  CC      drivers/usb/storage/initializers.o
  CC      net/phonet/datagram.o
  CC      net/netfilter/xt_hashlimit.o
  CC      drivers/usb/storage/sierra_ms.o
  CC      net/phonet/sysctl.o
  CC      net/phonet/af_phonet.o
  CC      drivers/usb/storage/option_ms.o
  CC      net/netfilter/xt_helper.o
  LD      drivers/usb/storage/usb-storage.o
  LD      drivers/usb/storage/usb-libusual.o
  LD      drivers/usb/storage/built-in.o
  LD      drivers/usb/built-in.o
  LD      drivers/built-in.o
  CC      net/netfilter/xt_hl.o
  CC      net/phonet/pep.o
  CC      net/netfilter/xt_iprange.o
  CC      net/netfilter/xt_length.o
  CC      net/phonet/pep-gprs.o
  CC      net/netfilter/xt_limit.o
  CC      net/netfilter/xt_mac.o
  CC      net/netfilter/xt_pkttype.o
  LD      net/phonet/phonet.o
  LD      net/phonet/pn_pep.o
  CC      net/netfilter/xt_policy.o
  LD      net/phonet/built-in.o
  CC      net/rfkill/core.o
  CC      net/netfilter/xt_qtaguid_print.o
  CC      net/netfilter/xt_qtaguid.o
  CC      net/rfkill/input.o
  CC      net/netfilter/xt_quota.o
  LD      net/rfkill/rfkill.o
  LD      net/rfkill/built-in.o
  CC      net/sched/sch_generic.o
  CC      net/netfilter/xt_quota2.o
  CC      net/netfilter/xt_socket.o
  CC      net/sched/sch_mq.o
  CC      net/netfilter/xt_state.o
  CC      net/netfilter/xt_statistic.o
  CC      net/sched/sch_api.o
  CC      net/netfilter/xt_string.o
  CC      net/netfilter/xt_time.o
  CC      net/netfilter/xt_u32.o
  LD      net/netfilter/netfilter.o
  CC      net/unix/af_unix.o
  LD      net/netfilter/built-in.o
  CC      net/wireless/core.o
  CC      net/sched/sch_blackhole.o
  CC      net/sched/cls_api.o
  CC      net/wireless/sysfs.o
  CC      net/unix/garbage.o
  CC      net/wireless/radiotap.o
  CC      net/sched/act_api.o
  CC      net/unix/sysctl_net_unix.o
  CC      net/wireless/util.o
  LD      net/unix/unix.o
  LD      net/unix/built-in.o
  CC      net/xfrm/xfrm_policy.o
  CC      net/sched/act_police.o
  CC      net/wireless/reg.o
  CC      net/sched/act_gact.o
  CC      net/sched/act_mirred.o
  CC      net/sched/sch_fifo.o
  CC      net/xfrm/xfrm_state.o
  CC      net/wireless/scan.o
  CC      net/sched/sch_htb.o
  CC      net/wireless/nl80211.o
  CC      net/sched/sch_ingress.o
  CC      net/xfrm/xfrm_hash.o
  CC      net/xfrm/xfrm_input.o
  CC      net/sched/cls_u32.o
  CC      net/xfrm/xfrm_output.o
  CC      net/sched/ematch.o
  CC      net/xfrm/xfrm_algo.o
  CC      net/sched/em_u32.o
  LD      net/sched/built-in.o
  CC      net/sysctl_net.o
  CC      net/xfrm/xfrm_sysctl.o
  CC      net/activity_stats.o
  CC      net/wireless/mlme.o
  CC      net/xfrm/xfrm_replay.o
  CC      net/xfrm/xfrm_ipcomp.o
  CC      net/wireless/ibss.o
  CC      net/wireless/sme.o
  LD      net/xfrm/built-in.o
  CC      net/wireless/chan.o
  CC      net/wireless/ethtool.o
  CC      net/wireless/mesh.o
  CC      net/wireless/wext-compat.o
  CC      net/wireless/wext-sme.o
  CC      net/wireless/wext-core.o
  CC      net/wireless/wext-proc.o
  LD      net/wireless/cfg80211.o
  LD      net/wireless/built-in.o
  LD      net/built-in.o
  LD      vmlinux.o
  MODPOST vmlinux.o
  GEN     .version
  CHK     include/generated/compile.h
  UPD     include/generated/compile.h
  CC      init/version.o
  LD      init/built-in.o
  LD      .tmp_vmlinux1
  KSYM    .tmp_kallsyms1.S
  AS      .tmp_kallsyms1.o
  LD      .tmp_vmlinux2
  KSYM    .tmp_kallsyms2.S
  AS      .tmp_kallsyms2.o
  LD      vmlinux
  SYSMAP  System.map
  SYSMAP  .tmp_System.map
  Building modules, stage 2.
  OBJCOPY arch/arm/boot/Image
  MODPOST 8 modules
  Kernel: arch/arm/boot/Image is ready
  AS      arch/arm/boot/compressed/head.o
  GZIP    arch/arm/boot/compressed/piggy.gzip
  CC      arch/arm/boot/compressed/misc.o
  CC      arch/arm/boot/compressed/decompress.o
  CC      drivers/bluetooth/bthid/bthid.mod.o
  CC      drivers/char/hw_random/rng-core.mod.o
  CC      drivers/char/hwreg/hwreg.mod.o
  CC      drivers/interceptor/vpnclient.mod.o
  SHIPPED arch/arm/boot/compressed/lib1funcs.S
  AS      arch/arm/boot/compressed/piggy.gzip.o
  AS      arch/arm/boot/compressed/lib1funcs.o
  CC      drivers/net/wireless/bcmdhd/dhd.mod.o
  CC      drivers/samsung/j4fs/j4fs.mod.o
  LD      arch/arm/boot/compressed/vmlinux
  OBJCOPY arch/arm/boot/zImage
  CC      drivers/samsung/param/param.mod.o
  CC      drivers/scsi/scsi_wait_scan.mod.o
  Kernel: arch/arm/boot/zImage is ready
  LD [M]  drivers/bluetooth/bthid/bthid.ko
  LD [M]  drivers/char/hw_random/rng-core.ko
  LD [M]  drivers/char/hwreg/hwreg.ko
  LD [M]  drivers/interceptor/vpnclient.ko
  LD [M]  drivers/net/wireless/bcmdhd/dhd.ko
  LD [M]  drivers/samsung/j4fs/j4fs.ko
  LD [M]  drivers/samsung/param/param.ko
  LD [M]  drivers/scsi/scsi_wait_scan.ko


 Copying Modules to InitRamFS Folder... 




 Creating zImage... 


  CHK     include/linux/version.h
  CHK     include/generated/utsrelease.h
make[1]: include/generated/mach-types.h
  CALL    scripts/checksyscalls.sh
  CHK     include/generated/compile.h
  GEN     usr/initramfs_data.cpio
  AS      usr/initramfs_data.o
  LD      usr/built-in.o
  CC      drivers/gpu/mali/mali400ko/driver/src/devicedrv/mali/linux/mali_osk_mali.o
  LD      drivers/gpu/mali/mali400ko/driver/src/devicedrv/mali/mali.o
  LD      drivers/gpu/mali/mali400ko/driver/src/devicedrv/mali/built-in.o
  LD      drivers/gpu/mali/built-in.o
  LD      drivers/gpu/built-in.o
  LD      drivers/built-in.o
  LD      vmlinux.o
  MODPOST vmlinux.o
  GEN     .version
  CHK     include/generated/compile.h
  UPD     include/generated/compile.h
  CC      init/version.o
  LD      init/built-in.o
  LD      .tmp_vmlinux1
  KSYM    .tmp_kallsyms1.S
  AS      .tmp_kallsyms1.o
  LD      .tmp_vmlinux2
  KSYM    .tmp_kallsyms2.S
  AS      .tmp_kallsyms2.o
  LD      vmlinux
  SYSMAP  System.map
  SYSMAP  .tmp_System.map
  OBJCOPY arch/arm/boot/Image
  Kernel: arch/arm/boot/Image is ready
  GZIP    arch/arm/boot/compressed/piggy.gzip
  AS      arch/arm/boot/compressed/piggy.gzip.o
  SHIPPED arch/arm/boot/compressed/lib1funcs.S
  AS      arch/arm/boot/compressed/lib1funcs.o
  LD      arch/arm/boot/compressed/vmlinux
  OBJCOPY arch/arm/boot/zImage
  Kernel: arch/arm/boot/zImage is ready


 Pushing Kernel to OUT folder... 


~/Android/i9070_kernel/out ~/Android/i9070_kernel/kernel
~/Android/i9070_kernel/kernel


 = Finished in 2275 Seconds =


